{"/home/runner/work/seoulsync82-backend/seoulsync82-backend/src/auth/auth.controller.ts": {"path":"/home/runner/work/seoulsync82-backend/seoulsync82-backend/src/auth/auth.controller.ts","statementMap":{"0":{"start":{"line":1,"column":0},"end":{"line":1,"column":null}},"1":{"start":{"line":11,"column":0},"end":{"line":11,"column":45}},"2":{"start":{"line":12,"column":0},"end":{"line":12,"column":71}},"3":{"start":{"line":13,"column":0},"end":{"line":13,"column":43}},"4":{"start":{"line":15,"column":0},"end":{"line":15,"column":52}},"5":{"start":{"line":16,"column":0},"end":{"line":16,"column":103}},"6":{"start":{"line":18,"column":0},"end":{"line":18,"column":105}},"7":{"start":{"line":19,"column":0},"end":{"line":19,"column":62}},"8":{"start":{"line":21,"column":0},"end":{"line":21,"column":52}},"9":{"start":{"line":22,"column":0},"end":{"line":22,"column":95}},"10":{"start":{"line":23,"column":0},"end":{"line":23,"column":91}},"11":{"start":{"line":24,"column":0},"end":{"line":24,"column":68}},"12":{"start":{"line":25,"column":0},"end":{"line":25,"column":78}},"13":{"start":{"line":26,"column":0},"end":{"line":26,"column":58}},"14":{"start":{"line":27,"column":0},"end":{"line":27,"column":48}},"15":{"start":{"line":32,"column":7},"end":{"line":162,"column":null}},"16":{"start":{"line":34,"column":21},"end":{"line":34,"column":34}},"17":{"start":{"line":35,"column":21},"end":{"line":35,"column":36}},"18":{"start":{"line":40,"column":4},"end":{"line":52,"column":5}},"19":{"start":{"line":41,"column":21},"end":{"line":41,"column":81}},"20":{"start":{"line":42,"column":26},"end":{"line":42,"column":87}},"21":{"start":{"line":44,"column":6},"end":{"line":44,"column":87}},"22":{"start":{"line":45,"column":6},"end":{"line":45,"column":67}},"23":{"start":{"line":47,"column":6},"end":{"line":50,"column":9}},"24":{"start":{"line":51,"column":6},"end":{"line":51,"column":60}},"25":{"start":{"line":74,"column":4},"end":{"line":74,"column":62}},"26":{"start":{"line":96,"column":4},"end":{"line":96,"column":61}},"27":{"start":{"line":118,"column":4},"end":{"line":118,"column":61}},"28":{"start":{"line":138,"column":4},"end":{"line":138,"column":52}},"29":{"start":{"line":160,"column":4},"end":{"line":160,"column":46}},"30":{"start":{"line":32,"column":13},"end":{"line":32,"column":27}},"31":{"start":{"line":61,"column":8},"end":{"line":61,"column":null}},"32":{"start":{"line":73,"column":8},"end":{"line":75,"column":null}},"33":{"start":{"line":83,"column":8},"end":{"line":83,"column":null}},"34":{"start":{"line":95,"column":8},"end":{"line":97,"column":null}},"35":{"start":{"line":105,"column":8},"end":{"line":105,"column":null}},"36":{"start":{"line":117,"column":8},"end":{"line":119,"column":null}},"37":{"start":{"line":134,"column":8},"end":{"line":139,"column":null}},"38":{"start":{"line":156,"column":8},"end":{"line":161,"column":null}},"39":{"start":{"line":32,"column":13},"end":{"line":162,"column":null}}},"fnMap":{"0":{"name":"(anonymous_4)","decl":{"start":{"line":33,"column":2},"end":{"line":33,"column":null}},"loc":{"start":{"line":35,"column":49},"end":{"line":36,"column":6}}},"1":{"name":"(anonymous_5)","decl":{"start":{"line":39,"column":10},"end":{"line":39,"column":15}},"loc":{"start":{"line":39,"column":87},"end":{"line":53,"column":3}}},"2":{"name":"(anonymous_6)","decl":{"start":{"line":61,"column":2},"end":{"line":61,"column":7}},"loc":{"start":{"line":61,"column":39},"end":{"line":61,"column":43}}},"3":{"name":"(anonymous_7)","decl":{"start":{"line":73,"column":2},"end":{"line":73,"column":7}},"loc":{"start":{"line":73,"column":70},"end":{"line":75,"column":3}}},"4":{"name":"(anonymous_8)","decl":{"start":{"line":83,"column":2},"end":{"line":83,"column":7}},"loc":{"start":{"line":83,"column":38},"end":{"line":83,"column":42}}},"5":{"name":"(anonymous_9)","decl":{"start":{"line":95,"column":2},"end":{"line":95,"column":7}},"loc":{"start":{"line":95,"column":68},"end":{"line":97,"column":3}}},"6":{"name":"(anonymous_10)","decl":{"start":{"line":105,"column":2},"end":{"line":105,"column":7}},"loc":{"start":{"line":105,"column":38},"end":{"line":105,"column":42}}},"7":{"name":"(anonymous_11)","decl":{"start":{"line":117,"column":2},"end":{"line":117,"column":7}},"loc":{"start":{"line":117,"column":68},"end":{"line":119,"column":3}}},"8":{"name":"(anonymous_12)","decl":{"start":{"line":134,"column":2},"end":{"line":134,"column":7}},"loc":{"start":{"line":136,"column":45},"end":{"line":139,"column":3}}},"9":{"name":"(anonymous_13)","decl":{"start":{"line":156,"column":2},"end":{"line":156,"column":7}},"loc":{"start":{"line":158,"column":32},"end":{"line":161,"column":3}}}},"branchMap":{"0":{"loc":{"start":{"line":42,"column":41},"end":{"line":42,"column":66}},"type":"binary-expr","locations":[{"start":{"line":42,"column":41},"end":{"line":42,"column":60}},{"start":{"line":42,"column":64},"end":{"line":42,"column":66}}]}},"s":{"0":1,"1":1,"2":1,"3":1,"4":1,"5":1,"6":1,"7":1,"8":1,"9":1,"10":1,"11":1,"12":1,"13":1,"14":1,"15":1,"16":12,"17":12,"18":7,"19":7,"20":4,"21":4,"22":4,"23":3,"24":3,"25":3,"26":2,"27":2,"28":1,"29":1,"30":1,"31":1,"32":1,"33":1,"34":1,"35":1,"36":1,"37":1,"38":1,"39":1},"f":{"0":12,"1":7,"2":1,"3":3,"4":1,"5":2,"6":1,"7":2,"8":1,"9":1},"b":{"0":[4,1]}}
,"/home/runner/work/seoulsync82-backend/seoulsync82-backend/src/auth/auth.service.ts": {"path":"/home/runner/work/seoulsync82-backend/seoulsync82-backend/src/auth/auth.service.ts","statementMap":{"0":{"start":{"line":1,"column":0},"end":{"line":1,"column":67}},"1":{"start":{"line":2,"column":0},"end":{"line":2,"column":43}},"2":{"start":{"line":3,"column":0},"end":{"line":3,"column":42}},"3":{"start":{"line":9,"column":0},"end":{"line":9,"column":52}},"4":{"start":{"line":10,"column":0},"end":{"line":10,"column":59}},"5":{"start":{"line":11,"column":0},"end":{"line":11,"column":null}},"6":{"start":{"line":16,"column":0},"end":{"line":16,"column":53}},"7":{"start":{"line":17,"column":0},"end":{"line":17,"column":58}},"8":{"start":{"line":19,"column":0},"end":{"line":19,"column":69}},"9":{"start":{"line":22,"column":7},"end":{"line":133,"column":null}},"10":{"start":{"line":24,"column":21},"end":{"line":24,"column":36}},"11":{"start":{"line":25,"column":21},"end":{"line":25,"column":42}},"12":{"start":{"line":33,"column":4},"end":{"line":43,"column":5}},"13":{"start":{"line":34,"column":19},"end":{"line":34,"column":41}},"14":{"start":{"line":35,"column":6},"end":{"line":35,"column":49}},"15":{"start":{"line":36,"column":6},"end":{"line":36,"column":55}},"16":{"start":{"line":38,"column":6},"end":{"line":41,"column":9}},"17":{"start":{"line":42,"column":6},"end":{"line":42,"column":60}},"18":{"start":{"line":47,"column":4},"end":{"line":88,"column":5}},"19":{"start":{"line":48,"column":27},"end":{"line":48,"column":52}},"20":{"start":{"line":49,"column":6},"end":{"line":51,"column":7}},"21":{"start":{"line":50,"column":8},"end":{"line":50,"column":62}},"22":{"start":{"line":53,"column":22},"end":{"line":55,"column":null}},"23":{"start":{"line":58,"column":21},"end":{"line":58,"column":32}},"24":{"start":{"line":59,"column":6},"end":{"line":62,"column":7}},"25":{"start":{"line":60,"column":8},"end":{"line":60,"column":41}},"26":{"start":{"line":61,"column":8},"end":{"line":61,"column":62}},"27":{"start":{"line":65,"column":24},"end":{"line":65,"column":70}},"28":{"start":{"line":66,"column":6},"end":{"line":68,"column":7}},"29":{"start":{"line":67,"column":8},"end":{"line":67,"column":62}},"30":{"start":{"line":70,"column":22},"end":{"line":75,"column":8}},"31":{"start":{"line":76,"column":26},"end":{"line":76,"column":74}},"32":{"start":{"line":78,"column":6},"end":{"line":81,"column":8}},"33":{"start":{"line":83,"column":6},"end":{"line":86,"column":9}},"34":{"start":{"line":87,"column":6},"end":{"line":87,"column":60}},"35":{"start":{"line":92,"column":4},"end":{"line":106,"column":5}},"36":{"start":{"line":93,"column":6},"end":{"line":93,"column":82}},"37":{"start":{"line":93,"column":28},"end":{"line":93,"column":82}},"38":{"start":{"line":95,"column":24},"end":{"line":95,"column":70}},"39":{"start":{"line":96,"column":6},"end":{"line":96,"column":37}},"40":{"start":{"line":97,"column":6},"end":{"line":97,"column":53}},"41":{"start":{"line":98,"column":6},"end":{"line":98,"column":38}},"42":{"start":{"line":99,"column":6},"end":{"line":99,"column":26}},"43":{"start":{"line":101,"column":6},"end":{"line":104,"column":9}},"44":{"start":{"line":105,"column":6},"end":{"line":105,"column":60}},"45":{"start":{"line":110,"column":19},"end":{"line":110,"column":64}},"46":{"start":{"line":111,"column":4},"end":{"line":114,"column":5}},"47":{"start":{"line":112,"column":19},"end":{"line":112,"column":33}},"48":{"start":{"line":113,"column":6},"end":{"line":113,"column":71}},"49":{"start":{"line":116,"column":20},"end":{"line":121,"column":6}},"50":{"start":{"line":123,"column":24},"end":{"line":123,"column":72}},"51":{"start":{"line":124,"column":25},"end":{"line":124,"column":78}},"52":{"start":{"line":126,"column":4},"end":{"line":126,"column":42}},"53":{"start":{"line":127,"column":4},"end":{"line":127,"column":50}},"54":{"start":{"line":129,"column":4},"end":{"line":129,"column":60}},"55":{"start":{"line":131,"column":4},"end":{"line":131,"column":41}},"56":{"start":{"line":22,"column":13},"end":{"line":22,"column":24}},"57":{"start":{"line":22,"column":13},"end":{"line":133,"column":null}}},"fnMap":{"0":{"name":"(anonymous_2)","decl":{"start":{"line":23,"column":2},"end":{"line":23,"column":null}},"loc":{"start":{"line":25,"column":61},"end":{"line":26,"column":6}}},"1":{"name":"(anonymous_3)","decl":{"start":{"line":28,"column":2},"end":{"line":28,"column":7}},"loc":{"start":{"line":31,"column":20},"end":{"line":44,"column":3}}},"2":{"name":"(anonymous_4)","decl":{"start":{"line":46,"column":2},"end":{"line":46,"column":7}},"loc":{"start":{"line":46,"column":49},"end":{"line":89,"column":3}}},"3":{"name":"(anonymous_5)","decl":{"start":{"line":91,"column":2},"end":{"line":91,"column":7}},"loc":{"start":{"line":91,"column":43},"end":{"line":107,"column":3}}},"4":{"name":"(anonymous_6)","decl":{"start":{"line":109,"column":2},"end":{"line":109,"column":7}},"loc":{"start":{"line":109,"column":59},"end":{"line":132,"column":3}}}},"branchMap":{"0":{"loc":{"start":{"line":49,"column":6},"end":{"line":51,"column":7}},"type":"if","locations":[{"start":{"line":49,"column":6},"end":{"line":51,"column":7}}]},"1":{"loc":{"start":{"line":59,"column":6},"end":{"line":62,"column":7}},"type":"if","locations":[{"start":{"line":59,"column":6},"end":{"line":62,"column":7}}]},"2":{"loc":{"start":{"line":66,"column":6},"end":{"line":68,"column":7}},"type":"if","locations":[{"start":{"line":66,"column":6},"end":{"line":68,"column":7}}]},"3":{"loc":{"start":{"line":93,"column":6},"end":{"line":93,"column":82}},"type":"if","locations":[{"start":{"line":93,"column":6},"end":{"line":93,"column":82}}]},"4":{"loc":{"start":{"line":111,"column":4},"end":{"line":114,"column":5}},"type":"if","locations":[{"start":{"line":111,"column":4},"end":{"line":114,"column":5}}]}},"s":{"0":2,"1":2,"2":2,"3":2,"4":2,"5":2,"6":2,"7":2,"8":2,"9":2,"10":11,"11":11,"12":2,"13":2,"14":2,"15":2,"16":1,"17":1,"18":4,"19":4,"20":4,"21":1,"22":3,"23":3,"24":3,"25":1,"26":1,"27":2,"28":2,"29":1,"30":1,"31":1,"32":1,"33":3,"34":3,"35":3,"36":3,"37":1,"38":2,"39":1,"40":1,"41":1,"42":1,"43":2,"44":2,"45":2,"46":2,"47":1,"48":1,"49":2,"50":2,"51":2,"52":2,"53":2,"54":2,"55":2,"56":2,"57":2},"f":{"0":11,"1":2,"2":4,"3":3,"4":2},"b":{"0":[1],"1":[1],"2":[1],"3":[1],"4":[1]}}
,"/home/runner/work/seoulsync82-backend/seoulsync82-backend/src/bookmark/bookmark.controller.ts": {"path":"/home/runner/work/seoulsync82-backend/seoulsync82-backend/src/bookmark/bookmark.controller.ts","statementMap":{"0":{"start":{"line":1,"column":0},"end":{"line":1,"column":99}},"1":{"start":{"line":2,"column":0},"end":{"line":2,"column":81}},"2":{"start":{"line":3,"column":0},"end":{"line":3,"column":62}},"3":{"start":{"line":4,"column":0},"end":{"line":4,"column":64}},"4":{"start":{"line":5,"column":0},"end":{"line":5,"column":104}},"5":{"start":{"line":6,"column":0},"end":{"line":6,"column":100}},"6":{"start":{"line":7,"column":0},"end":{"line":7,"column":91}},"7":{"start":{"line":8,"column":0},"end":{"line":8,"column":52}},"8":{"start":{"line":9,"column":0},"end":{"line":9,"column":125}},"9":{"start":{"line":10,"column":0},"end":{"line":10,"column":95}},"10":{"start":{"line":11,"column":0},"end":{"line":11,"column":91}},"11":{"start":{"line":12,"column":0},"end":{"line":12,"column":68}},"12":{"start":{"line":14,"column":0},"end":{"line":14,"column":69}},"13":{"start":{"line":15,"column":0},"end":{"line":15,"column":48}},"14":{"start":{"line":21,"column":7},"end":{"line":119,"column":null}},"15":{"start":{"line":22,"column":31},"end":{"line":22,"column":48}},"16":{"start":{"line":37,"column":4},"end":{"line":37,"column":56}},"17":{"start":{"line":61,"column":4},"end":{"line":61,"column":53}},"18":{"start":{"line":91,"column":4},"end":{"line":91,"column":57}},"19":{"start":{"line":117,"column":4},"end":{"line":117,"column":59}},"20":{"start":{"line":21,"column":13},"end":{"line":21,"column":31}},"21":{"start":{"line":33,"column":8},"end":{"line":38,"column":null}},"22":{"start":{"line":60,"column":8},"end":{"line":62,"column":null}},"23":{"start":{"line":87,"column":8},"end":{"line":92,"column":null}},"24":{"start":{"line":113,"column":8},"end":{"line":118,"column":null}},"25":{"start":{"line":21,"column":13},"end":{"line":119,"column":null}}},"fnMap":{"0":{"name":"(anonymous_4)","decl":{"start":{"line":22,"column":2},"end":{"line":22,"column":31}},"loc":{"start":{"line":22,"column":63},"end":{"line":22,"column":67}}},"1":{"name":"(anonymous_5)","decl":{"start":{"line":33,"column":2},"end":{"line":33,"column":7}},"loc":{"start":{"line":35,"column":32},"end":{"line":38,"column":3}}},"2":{"name":"(anonymous_6)","decl":{"start":{"line":60,"column":2},"end":{"line":60,"column":7}},"loc":{"start":{"line":60,"column":50},"end":{"line":62,"column":3}}},"3":{"name":"(anonymous_7)","decl":{"start":{"line":87,"column":2},"end":{"line":87,"column":7}},"loc":{"start":{"line":89,"column":31},"end":{"line":92,"column":3}}},"4":{"name":"(anonymous_8)","decl":{"start":{"line":113,"column":2},"end":{"line":113,"column":7}},"loc":{"start":{"line":115,"column":31},"end":{"line":118,"column":3}}}},"branchMap":{},"s":{"0":4,"1":4,"2":4,"3":4,"4":4,"5":4,"6":4,"7":4,"8":4,"9":4,"10":4,"11":4,"12":4,"13":4,"14":4,"15":15,"16":1,"17":1,"18":1,"19":1,"20":4,"21":4,"22":4,"23":4,"24":4,"25":4},"f":{"0":15,"1":1,"2":1,"3":1,"4":1},"b":{}}
,"/home/runner/work/seoulsync82-backend/seoulsync82-backend/src/bookmark/bookmark.query.repository.ts": {"path":"/home/runner/work/seoulsync82-backend/seoulsync82-backend/src/bookmark/bookmark.query.repository.ts","statementMap":{"0":{"start":{"line":1,"column":0},"end":{"line":1,"column":51}},"1":{"start":{"line":3,"column":0},"end":{"line":3,"column":62}},"2":{"start":{"line":5,"column":0},"end":{"line":5,"column":59}},"3":{"start":{"line":7,"column":0},"end":{"line":63,"column":null}},"4":{"start":{"line":10,"column":12},"end":{"line":10,"column":24}},"5":{"start":{"line":14,"column":25},"end":{"line":17,"column":null}},"6":{"start":{"line":20,"column":4},"end":{"line":25,"column":7}},"7":{"start":{"line":29,"column":4},"end":{"line":31,"column":7}},"8":{"start":{"line":35,"column":4},"end":{"line":37,"column":7}},"9":{"start":{"line":41,"column":4},"end":{"line":43,"column":7}},"10":{"start":{"line":47,"column":4},"end":{"line":47,"column":48}},"11":{"start":{"line":51,"column":4},"end":{"line":51,"column":90}},"12":{"start":{"line":55,"column":4},"end":{"line":55,"column":84}},"13":{"start":{"line":59,"column":4},"end":{"line":61,"column":7}},"14":{"start":{"line":7,"column":13},"end":{"line":7,"column":36}},"15":{"start":{"line":7,"column":13},"end":{"line":63,"column":null}}},"fnMap":{"0":{"name":"(anonymous_4)","decl":{"start":{"line":8,"column":2},"end":{"line":8,"column":null}},"loc":{"start":{"line":10,"column":50},"end":{"line":11,"column":6}}},"1":{"name":"(anonymous_5)","decl":{"start":{"line":13,"column":2},"end":{"line":13,"column":7}},"loc":{"start":{"line":13,"column":62},"end":{"line":26,"column":3}}},"2":{"name":"(anonymous_6)","decl":{"start":{"line":28,"column":2},"end":{"line":28,"column":7}},"loc":{"start":{"line":28,"column":28},"end":{"line":32,"column":3}}},"3":{"name":"(anonymous_7)","decl":{"start":{"line":34,"column":2},"end":{"line":34,"column":7}},"loc":{"start":{"line":34,"column":32},"end":{"line":38,"column":3}}},"4":{"name":"(anonymous_8)","decl":{"start":{"line":40,"column":2},"end":{"line":40,"column":7}},"loc":{"start":{"line":40,"column":33},"end":{"line":44,"column":3}}},"5":{"name":"(anonymous_9)","decl":{"start":{"line":46,"column":2},"end":{"line":46,"column":7}},"loc":{"start":{"line":46,"column":51},"end":{"line":48,"column":3}}},"6":{"name":"(anonymous_10)","decl":{"start":{"line":50,"column":2},"end":{"line":50,"column":7}},"loc":{"start":{"line":50,"column":53},"end":{"line":52,"column":3}}},"7":{"name":"(anonymous_11)","decl":{"start":{"line":54,"column":2},"end":{"line":54,"column":7}},"loc":{"start":{"line":54,"column":53},"end":{"line":56,"column":3}}},"8":{"name":"(anonymous_12)","decl":{"start":{"line":58,"column":2},"end":{"line":58,"column":7}},"loc":{"start":{"line":58,"column":52},"end":{"line":62,"column":3}}}},"branchMap":{"0":{"loc":{"start":{"line":17,"column":10},"end":{"line":17,"column":62}},"type":"cond-expr","locations":[{"start":{"line":17,"column":28},"end":{"line":17,"column":57}},{"start":{"line":17,"column":60},"end":{"line":17,"column":62}}]}},"s":{"0":10,"1":10,"2":10,"3":10,"4":20,"5":2,"6":2,"7":1,"8":1,"9":1,"10":1,"11":1,"12":1,"13":3,"14":10,"15":10},"f":{"0":20,"1":2,"2":1,"3":1,"4":1,"5":1,"6":1,"7":1,"8":3},"b":{"0":[1,1]}}
,"/home/runner/work/seoulsync82-backend/seoulsync82-backend/src/bookmark/bookmark.service.ts": {"path":"/home/runner/work/seoulsync82-backend/seoulsync82-backend/src/bookmark/bookmark.service.ts","statementMap":{"0":{"start":{"line":1,"column":0},"end":{"line":1,"column":82}},"1":{"start":{"line":2,"column":0},"end":{"line":2,"column":52}},"2":{"start":{"line":3,"column":0},"end":{"line":3,"column":81}},"3":{"start":{"line":4,"column":0},"end":{"line":4,"column":104}},"4":{"start":{"line":6,"column":0},"end":{"line":6,"column":91}},"5":{"start":{"line":7,"column":0},"end":{"line":7,"column":97}},"6":{"start":{"line":8,"column":0},"end":{"line":8,"column":52}},"7":{"start":{"line":11,"column":0},"end":{"line":11,"column":67}},"8":{"start":{"line":12,"column":0},"end":{"line":12,"column":53}},"9":{"start":{"line":13,"column":0},"end":{"line":13,"column":84}},"10":{"start":{"line":14,"column":0},"end":{"line":14,"column":75}},"11":{"start":{"line":15,"column":0},"end":{"line":15,"column":62}},"12":{"start":{"line":17,"column":0},"end":{"line":17,"column":69}},"13":{"start":{"line":20,"column":7},"end":{"line":129,"column":null}},"14":{"start":{"line":22,"column":21},"end":{"line":22,"column":46}},"15":{"start":{"line":23,"column":21},"end":{"line":23,"column":44}},"16":{"start":{"line":24,"column":21},"end":{"line":24,"column":47}},"17":{"start":{"line":25,"column":21},"end":{"line":25,"column":42}},"18":{"start":{"line":32,"column":23},"end":{"line":32,"column":73}},"19":{"start":{"line":33,"column":4},"end":{"line":35,"column":5}},"20":{"start":{"line":34,"column":6},"end":{"line":34,"column":44}},"21":{"start":{"line":37,"column":43},"end":{"line":40,"column":6}},"22":{"start":{"line":38,"column":69},"end":{"line":38,"column":83}},"23":{"start":{"line":39,"column":80},"end":{"line":39,"column":96}},"24":{"start":{"line":42,"column":23},"end":{"line":42,"column":96}},"25":{"start":{"line":44,"column":4},"end":{"line":60,"column":6}},"26":{"start":{"line":48,"column":30},"end":{"line":48,"column":95}},"27":{"start":{"line":48,"column":56},"end":{"line":48,"column":94}},"28":{"start":{"line":49,"column":8},"end":{"line":56,"column":null}},"29":{"start":{"line":52,"column":33},"end":{"line":52,"column":62}},"30":{"start":{"line":64,"column":19},"end":{"line":64,"column":67}},"31":{"start":{"line":65,"column":4},"end":{"line":67,"column":5}},"32":{"start":{"line":66,"column":6},"end":{"line":66,"column":56}},"33":{"start":{"line":69,"column":25},"end":{"line":69,"column":87}},"34":{"start":{"line":71,"column":4},"end":{"line":88,"column":7}},"35":{"start":{"line":79,"column":42},"end":{"line":82,"column":null}},"36":{"start":{"line":92,"column":19},"end":{"line":92,"column":68}},"37":{"start":{"line":93,"column":4},"end":{"line":95,"column":5}},"38":{"start":{"line":94,"column":6},"end":{"line":94,"column":56}},"39":{"start":{"line":97,"column":27},"end":{"line":97,"column":47}},"40":{"start":{"line":98,"column":4},"end":{"line":98,"column":41}},"41":{"start":{"line":99,"column":4},"end":{"line":99,"column":38}},"42":{"start":{"line":100,"column":4},"end":{"line":100,"column":42}},"43":{"start":{"line":101,"column":4},"end":{"line":101,"column":38}},"44":{"start":{"line":102,"column":4},"end":{"line":102,"column":52}},"45":{"start":{"line":103,"column":4},"end":{"line":103,"column":54}},"46":{"start":{"line":104,"column":4},"end":{"line":104,"column":41}},"47":{"start":{"line":105,"column":4},"end":{"line":105,"column":45}},"48":{"start":{"line":107,"column":23},"end":{"line":107,"column":86}},"49":{"start":{"line":108,"column":4},"end":{"line":110,"column":5}},"50":{"start":{"line":109,"column":6},"end":{"line":109,"column":53}},"51":{"start":{"line":112,"column":4},"end":{"line":114,"column":67}},"52":{"start":{"line":116,"column":4},"end":{"line":116,"column":20}},"53":{"start":{"line":120,"column":23},"end":{"line":120,"column":86}},"54":{"start":{"line":121,"column":4},"end":{"line":123,"column":5}},"55":{"start":{"line":122,"column":6},"end":{"line":122,"column":56}},"56":{"start":{"line":125,"column":4},"end":{"line":125,"column":66}},"57":{"start":{"line":127,"column":4},"end":{"line":127,"column":20}},"58":{"start":{"line":20,"column":13},"end":{"line":20,"column":28}},"59":{"start":{"line":20,"column":13},"end":{"line":129,"column":null}}},"fnMap":{"0":{"name":"(anonymous_2)","decl":{"start":{"line":21,"column":2},"end":{"line":21,"column":null}},"loc":{"start":{"line":25,"column":61},"end":{"line":26,"column":6}}},"1":{"name":"(anonymous_3)","decl":{"start":{"line":28,"column":2},"end":{"line":28,"column":7}},"loc":{"start":{"line":30,"column":17},"end":{"line":61,"column":3}}},"2":{"name":"(anonymous_4)","decl":{"start":{"line":38,"column":59},"end":{"line":38,"column":60}},"loc":{"start":{"line":38,"column":69},"end":{"line":38,"column":83}}},"3":{"name":"(anonymous_5)","decl":{"start":{"line":39,"column":70},"end":{"line":39,"column":71}},"loc":{"start":{"line":39,"column":80},"end":{"line":39,"column":96}}},"4":{"name":"(anonymous_6)","decl":{"start":{"line":47,"column":13},"end":{"line":47,"column":14}},"loc":{"start":{"line":47,"column":26},"end":{"line":58,"column":7}}},"5":{"name":"(anonymous_7)","decl":{"start":{"line":48,"column":49},"end":{"line":48,"column":50}},"loc":{"start":{"line":48,"column":56},"end":{"line":48,"column":94}}},"6":{"name":"(anonymous_8)","decl":{"start":{"line":52,"column":26},"end":{"line":52,"column":27}},"loc":{"start":{"line":52,"column":33},"end":{"line":52,"column":62}}},"7":{"name":"(anonymous_9)","decl":{"start":{"line":63,"column":2},"end":{"line":63,"column":7}},"loc":{"start":{"line":63,"column":35},"end":{"line":89,"column":3}}},"8":{"name":"(anonymous_10)","decl":{"start":{"line":79,"column":25},"end":{"line":79,"column":26}},"loc":{"start":{"line":79,"column":42},"end":{"line":82,"column":null}}},"9":{"name":"(anonymous_11)","decl":{"start":{"line":91,"column":2},"end":{"line":91,"column":7}},"loc":{"start":{"line":91,"column":48},"end":{"line":117,"column":3}}},"10":{"name":"(anonymous_12)","decl":{"start":{"line":119,"column":2},"end":{"line":119,"column":7}},"loc":{"start":{"line":119,"column":50},"end":{"line":128,"column":3}}}},"branchMap":{"0":{"loc":{"start":{"line":33,"column":4},"end":{"line":35,"column":5}},"type":"if","locations":[{"start":{"line":33,"column":4},"end":{"line":35,"column":5}}]},"1":{"loc":{"start":{"line":37,"column":21},"end":{"line":37,"column":39}},"type":"default-arg","locations":[{"start":{"line":37,"column":37},"end":{"line":37,"column":39}}]},"2":{"loc":{"start":{"line":42,"column":23},"end":{"line":42,"column":96}},"type":"cond-expr","locations":[{"start":{"line":42,"column":56},"end":{"line":42,"column":92}},{"start":{"line":42,"column":95},"end":{"line":42,"column":96}}]},"3":{"loc":{"start":{"line":52,"column":12},"end":{"line":52,"column":86}},"type":"cond-expr","locations":[{"start":{"line":52,"column":78},"end":{"line":52,"column":82}},{"start":{"line":52,"column":82},"end":{"line":52,"column":86}}]},"4":{"loc":{"start":{"line":52,"column":12},"end":{"line":52,"column":82}},"type":"binary-expr","locations":[{"start":{"line":52,"column":12},"end":{"line":52,"column":82}},{"start":{"line":52,"column":78},"end":{"line":52,"column":82}}]},"5":{"loc":{"start":{"line":52,"column":12},"end":{"line":52,"column":78}},"type":"cond-expr","locations":[{"start":{"line":52,"column":63},"end":{"line":52,"column":65}},{"start":{"line":52,"column":63},"end":{"line":52,"column":78}}]},"6":{"loc":{"start":{"line":52,"column":12},"end":{"line":52,"column":65}},"type":"binary-expr","locations":[{"start":{"line":52,"column":12},"end":{"line":52,"column":65}},{"start":{"line":52,"column":63},"end":{"line":52,"column":65}}]},"7":{"loc":{"start":{"line":54,"column":26},"end":{"line":54,"column":63}},"type":"cond-expr","locations":[{"start":{"line":54,"column":55},"end":{"line":54,"column":59}},{"start":{"line":54,"column":59},"end":{"line":54,"column":63}}]},"8":{"loc":{"start":{"line":54,"column":26},"end":{"line":54,"column":59}},"type":"binary-expr","locations":[{"start":{"line":54,"column":26},"end":{"line":54,"column":59}},{"start":{"line":54,"column":55},"end":{"line":54,"column":59}}]},"9":{"loc":{"start":{"line":54,"column":26},"end":{"line":54,"column":55}},"type":"cond-expr","locations":[{"start":{"line":54,"column":39},"end":{"line":54,"column":41}},{"start":{"line":54,"column":26},"end":{"line":54,"column":55}}]},"10":{"loc":{"start":{"line":54,"column":26},"end":{"line":54,"column":41}},"type":"binary-expr","locations":[{"start":{"line":54,"column":26},"end":{"line":54,"column":41}},{"start":{"line":54,"column":26},"end":{"line":54,"column":41}}]},"11":{"loc":{"start":{"line":55,"column":17},"end":{"line":55,"column":46}},"type":"cond-expr","locations":[{"start":{"line":55,"column":37},"end":{"line":55,"column":41}},{"start":{"line":55,"column":41},"end":{"line":55,"column":46}}]},"12":{"loc":{"start":{"line":55,"column":17},"end":{"line":55,"column":41}},"type":"binary-expr","locations":[{"start":{"line":55,"column":17},"end":{"line":55,"column":41}},{"start":{"line":55,"column":37},"end":{"line":55,"column":41}}]},"13":{"loc":{"start":{"line":55,"column":17},"end":{"line":55,"column":37}},"type":"cond-expr","locations":[{"start":{"line":55,"column":30},"end":{"line":55,"column":32}},{"start":{"line":55,"column":17},"end":{"line":55,"column":37}}]},"14":{"loc":{"start":{"line":55,"column":17},"end":{"line":55,"column":32}},"type":"binary-expr","locations":[{"start":{"line":55,"column":17},"end":{"line":55,"column":32}},{"start":{"line":55,"column":17},"end":{"line":55,"column":32}}]},"15":{"loc":{"start":{"line":56,"column":22},"end":{"line":56,"column":52}},"type":"cond-expr","locations":[{"start":{"line":56,"column":47},"end":{"line":56,"column":51}},{"start":{"line":56,"column":51},"end":{"line":56,"column":52}}]},"16":{"loc":{"start":{"line":56,"column":22},"end":{"line":56,"column":51}},"type":"binary-expr","locations":[{"start":{"line":56,"column":22},"end":{"line":56,"column":51}},{"start":{"line":56,"column":47},"end":{"line":56,"column":51}}]},"17":{"loc":{"start":{"line":56,"column":22},"end":{"line":56,"column":47}},"type":"cond-expr","locations":[{"start":{"line":56,"column":35},"end":{"line":56,"column":37}},{"start":{"line":56,"column":22},"end":{"line":56,"column":47}}]},"18":{"loc":{"start":{"line":56,"column":22},"end":{"line":56,"column":37}},"type":"binary-expr","locations":[{"start":{"line":56,"column":22},"end":{"line":56,"column":37}},{"start":{"line":56,"column":22},"end":{"line":56,"column":37}}]},"19":{"loc":{"start":{"line":65,"column":4},"end":{"line":67,"column":5}},"type":"if","locations":[{"start":{"line":65,"column":4},"end":{"line":67,"column":5}}]},"20":{"loc":{"start":{"line":93,"column":4},"end":{"line":95,"column":5}},"type":"if","locations":[{"start":{"line":93,"column":4},"end":{"line":95,"column":5}}]},"21":{"loc":{"start":{"line":108,"column":4},"end":{"line":110,"column":5}},"type":"if","locations":[{"start":{"line":108,"column":4},"end":{"line":110,"column":5}}]},"22":{"loc":{"start":{"line":108,"column":8},"end":{"line":108,"column":65}},"type":"binary-expr","locations":[{"start":{"line":108,"column":8},"end":{"line":108,"column":30}},{"start":{"line":108,"column":34},"end":{"line":108,"column":65}}]},"23":{"loc":{"start":{"line":112,"column":11},"end":{"line":114,"column":65}},"type":"cond-expr","locations":[{"start":{"line":113,"column":8},"end":{"line":113,"column":67}},{"start":{"line":114,"column":8},"end":{"line":114,"column":65}}]},"24":{"loc":{"start":{"line":121,"column":4},"end":{"line":123,"column":5}},"type":"if","locations":[{"start":{"line":121,"column":4},"end":{"line":123,"column":5}}]}},"s":{"0":5,"1":5,"2":5,"3":5,"4":5,"5":5,"6":5,"7":5,"8":5,"9":5,"10":5,"11":5,"12":5,"13":5,"14":25,"15":25,"16":25,"17":25,"18":5,"19":5,"20":1,"21":4,"22":5,"23":5,"24":4,"25":4,"26":5,"27":1,"28":5,"29":5,"30":3,"31":3,"32":1,"33":2,"34":2,"35":2,"36":4,"37":4,"38":1,"39":3,"40":3,"41":3,"42":3,"43":3,"44":3,"45":3,"46":3,"47":3,"48":3,"49":3,"50":1,"51":2,"52":2,"53":2,"54":2,"55":1,"56":1,"57":1,"58":5,"59":5},"f":{"0":25,"1":5,"2":5,"3":5,"4":5,"5":1,"6":5,"7":3,"8":2,"9":4,"10":2},"b":{"0":[1],"1":[3],"2":[1,3],"3":[4,1],"4":[5,5],"5":[1,4],"6":[5,5],"7":[1,4],"8":[5,5],"9":[4,1],"10":[5,5],"11":[1,4],"12":[5,5],"13":[4,1],"14":[5,5],"15":[1,4],"16":[5,5],"17":[4,1],"18":[5,5],"19":[1],"20":[1],"21":[1],"22":[3,2],"23":[1,1],"24":[1]}}
,"/home/runner/work/seoulsync82-backend/seoulsync82-backend/src/comment/comment.controller.ts": {"path":"/home/runner/work/seoulsync82-backend/seoulsync82-backend/src/comment/comment.controller.ts","statementMap":{"0":{"start":{"line":1,"column":0},"end":{"line":1,"column":null}},"1":{"start":{"line":15,"column":0},"end":{"line":15,"column":81}},"2":{"start":{"line":16,"column":0},"end":{"line":16,"column":62}},"3":{"start":{"line":17,"column":0},"end":{"line":17,"column":61}},"4":{"start":{"line":18,"column":0},"end":{"line":18,"column":97}},"5":{"start":{"line":19,"column":0},"end":{"line":19,"column":88}},"6":{"start":{"line":20,"column":0},"end":{"line":20,"column":99}},"7":{"start":{"line":21,"column":0},"end":{"line":21,"column":97}},"8":{"start":{"line":22,"column":0},"end":{"line":22,"column":52}},"9":{"start":{"line":23,"column":0},"end":{"line":23,"column":95}},"10":{"start":{"line":24,"column":0},"end":{"line":24,"column":91}},"11":{"start":{"line":25,"column":0},"end":{"line":25,"column":68}},"12":{"start":{"line":26,"column":0},"end":{"line":26,"column":69}},"13":{"start":{"line":27,"column":0},"end":{"line":27,"column":92}},"14":{"start":{"line":28,"column":0},"end":{"line":28,"column":62}},"15":{"start":{"line":29,"column":0},"end":{"line":29,"column":48}},"16":{"start":{"line":35,"column":7},"end":{"line":148,"column":null}},"17":{"start":{"line":36,"column":31},"end":{"line":36,"column":47}},"18":{"start":{"line":62,"column":4},"end":{"line":62,"column":60}},"19":{"start":{"line":91,"column":16},"end":{"line":91,"column":70}},"20":{"start":{"line":92,"column":4},"end":{"line":92,"column":40}},"21":{"start":{"line":93,"column":4},"end":{"line":93,"column":20}},"22":{"start":{"line":120,"column":4},"end":{"line":120,"column":62}},"23":{"start":{"line":146,"column":4},"end":{"line":146,"column":57}},"24":{"start":{"line":35,"column":13},"end":{"line":35,"column":30}},"25":{"start":{"line":57,"column":8},"end":{"line":63,"column":null}},"26":{"start":{"line":85,"column":8},"end":{"line":94,"column":null}},"27":{"start":{"line":115,"column":8},"end":{"line":121,"column":null}},"28":{"start":{"line":142,"column":8},"end":{"line":147,"column":null}},"29":{"start":{"line":35,"column":13},"end":{"line":148,"column":null}}},"fnMap":{"0":{"name":"(anonymous_4)","decl":{"start":{"line":36,"column":2},"end":{"line":36,"column":31}},"loc":{"start":{"line":36,"column":61},"end":{"line":36,"column":65}}},"1":{"name":"(anonymous_5)","decl":{"start":{"line":57,"column":2},"end":{"line":57,"column":7}},"loc":{"start":{"line":60,"column":32},"end":{"line":63,"column":3}}},"2":{"name":"(anonymous_6)","decl":{"start":{"line":85,"column":2},"end":{"line":85,"column":7}},"loc":{"start":{"line":89,"column":14},"end":{"line":94,"column":3}}},"3":{"name":"(anonymous_7)","decl":{"start":{"line":115,"column":2},"end":{"line":115,"column":7}},"loc":{"start":{"line":118,"column":31},"end":{"line":121,"column":3}}},"4":{"name":"(anonymous_8)","decl":{"start":{"line":142,"column":2},"end":{"line":142,"column":7}},"loc":{"start":{"line":144,"column":31},"end":{"line":147,"column":3}}}},"branchMap":{},"s":{"0":4,"1":4,"2":4,"3":4,"4":4,"5":4,"6":4,"7":4,"8":4,"9":4,"10":4,"11":4,"12":4,"13":4,"14":4,"15":4,"16":4,"17":15,"18":1,"19":1,"20":1,"21":1,"22":1,"23":1,"24":4,"25":4,"26":4,"27":4,"28":4,"29":4},"f":{"0":15,"1":1,"2":1,"3":1,"4":1},"b":{}}
,"/home/runner/work/seoulsync82-backend/seoulsync82-backend/src/comment/comment.query.repository.ts": {"path":"/home/runner/work/seoulsync82-backend/seoulsync82-backend/src/comment/comment.query.repository.ts","statementMap":{"0":{"start":{"line":1,"column":0},"end":{"line":1,"column":51}},"1":{"start":{"line":3,"column":0},"end":{"line":3,"column":60}},"2":{"start":{"line":5,"column":0},"end":{"line":5,"column":55}},"3":{"start":{"line":7,"column":0},"end":{"line":42,"column":null}},"4":{"start":{"line":10,"column":12},"end":{"line":10,"column":24}},"5":{"start":{"line":14,"column":4},"end":{"line":14,"column":47}},"6":{"start":{"line":18,"column":4},"end":{"line":20,"column":7}},"7":{"start":{"line":24,"column":25},"end":{"line":27,"column":null}},"8":{"start":{"line":30,"column":4},"end":{"line":34,"column":7}},"9":{"start":{"line":38,"column":4},"end":{"line":40,"column":7}},"10":{"start":{"line":7,"column":13},"end":{"line":7,"column":35}},"11":{"start":{"line":7,"column":13},"end":{"line":42,"column":null}}},"fnMap":{"0":{"name":"(anonymous_4)","decl":{"start":{"line":8,"column":2},"end":{"line":8,"column":null}},"loc":{"start":{"line":10,"column":49},"end":{"line":11,"column":6}}},"1":{"name":"(anonymous_5)","decl":{"start":{"line":13,"column":2},"end":{"line":13,"column":7}},"loc":{"start":{"line":13,"column":41},"end":{"line":15,"column":3}}},"2":{"name":"(anonymous_6)","decl":{"start":{"line":17,"column":2},"end":{"line":17,"column":7}},"loc":{"start":{"line":17,"column":28},"end":{"line":21,"column":3}}},"3":{"name":"(anonymous_7)","decl":{"start":{"line":23,"column":2},"end":{"line":23,"column":7}},"loc":{"start":{"line":23,"column":60},"end":{"line":35,"column":3}}},"4":{"name":"(anonymous_8)","decl":{"start":{"line":37,"column":2},"end":{"line":37,"column":7}},"loc":{"start":{"line":37,"column":49},"end":{"line":41,"column":3}}}},"branchMap":{"0":{"loc":{"start":{"line":27,"column":10},"end":{"line":27,"column":62}},"type":"cond-expr","locations":[{"start":{"line":27,"column":28},"end":{"line":27,"column":57}},{"start":{"line":27,"column":60},"end":{"line":27,"column":62}}]}},"s":{"0":8,"1":8,"2":8,"3":8,"4":16,"5":1,"6":1,"7":2,"8":2,"9":1,"10":8,"11":8},"f":{"0":16,"1":1,"2":1,"3":2,"4":1},"b":{"0":[1,1]}}
,"/home/runner/work/seoulsync82-backend/seoulsync82-backend/src/comment/comment.service.ts": {"path":"/home/runner/work/seoulsync82-backend/seoulsync82-backend/src/comment/comment.service.ts","statementMap":{"0":{"start":{"line":1,"column":0},"end":{"line":1,"column":63}},"1":{"start":{"line":2,"column":0},"end":{"line":2,"column":52}},"2":{"start":{"line":3,"column":0},"end":{"line":3,"column":78}},"3":{"start":{"line":5,"column":0},"end":{"line":5,"column":88}},"4":{"start":{"line":10,"column":0},"end":{"line":10,"column":55}},"5":{"start":{"line":11,"column":0},"end":{"line":11,"column":53}},"6":{"start":{"line":12,"column":0},"end":{"line":12,"column":84}},"7":{"start":{"line":13,"column":0},"end":{"line":13,"column":60}},"8":{"start":{"line":18,"column":0},"end":{"line":18,"column":69}},"9":{"start":{"line":19,"column":0},"end":{"line":19,"column":51}},"10":{"start":{"line":22,"column":7},"end":{"line":127,"column":null}},"11":{"start":{"line":24,"column":21},"end":{"line":24,"column":45}},"12":{"start":{"line":25,"column":21},"end":{"line":25,"column":47}},"13":{"start":{"line":26,"column":21},"end":{"line":26,"column":42}},"14":{"start":{"line":34,"column":39},"end":{"line":34,"column":88}},"15":{"start":{"line":35,"column":4},"end":{"line":37,"column":5}},"16":{"start":{"line":36,"column":6},"end":{"line":36,"column":56}},"17":{"start":{"line":39,"column":38},"end":{"line":39,"column":87}},"18":{"start":{"line":41,"column":22},"end":{"line":42,"column":null}},"19":{"start":{"line":42,"column":44},"end":{"line":42,"column":61}},"20":{"start":{"line":45,"column":35},"end":{"line":45,"column":89}},"21":{"start":{"line":47,"column":4},"end":{"line":63,"column":6}},"22":{"start":{"line":53,"column":59},"end":{"line":53,"column":89}},"23":{"start":{"line":55,"column":44},"end":{"line":58,"column":null}},"24":{"start":{"line":57,"column":51},"end":{"line":57,"column":79}},"25":{"start":{"line":71,"column":39},"end":{"line":71,"column":88}},"26":{"start":{"line":72,"column":4},"end":{"line":74,"column":5}},"27":{"start":{"line":73,"column":6},"end":{"line":73,"column":56}},"28":{"start":{"line":76,"column":26},"end":{"line":76,"column":45}},"29":{"start":{"line":77,"column":4},"end":{"line":77,"column":40}},"30":{"start":{"line":78,"column":4},"end":{"line":78,"column":40}},"31":{"start":{"line":79,"column":4},"end":{"line":79,"column":44}},"32":{"start":{"line":80,"column":4},"end":{"line":80,"column":40}},"33":{"start":{"line":81,"column":4},"end":{"line":81,"column":47}},"34":{"start":{"line":82,"column":4},"end":{"line":82,"column":57}},"35":{"start":{"line":83,"column":4},"end":{"line":83,"column":58}},"36":{"start":{"line":85,"column":48},"end":{"line":92,"column":6}},"37":{"start":{"line":94,"column":4},"end":{"line":97,"column":6}},"38":{"start":{"line":105,"column":35},"end":{"line":105,"column":82}},"39":{"start":{"line":106,"column":4},"end":{"line":108,"column":5}},"40":{"start":{"line":107,"column":6},"end":{"line":107,"column":56}},"41":{"start":{"line":110,"column":24},"end":{"line":110,"column":63}},"42":{"start":{"line":112,"column":4},"end":{"line":112,"column":76}},"43":{"start":{"line":113,"column":4},"end":{"line":113,"column":41}},"44":{"start":{"line":117,"column":35},"end":{"line":117,"column":82}},"45":{"start":{"line":118,"column":4},"end":{"line":120,"column":5}},"46":{"start":{"line":119,"column":6},"end":{"line":119,"column":56}},"47":{"start":{"line":122,"column":24},"end":{"line":122,"column":66}},"48":{"start":{"line":124,"column":4},"end":{"line":124,"column":76}},"49":{"start":{"line":125,"column":4},"end":{"line":125,"column":41}},"50":{"start":{"line":22,"column":13},"end":{"line":22,"column":27}},"51":{"start":{"line":22,"column":13},"end":{"line":127,"column":null}}},"fnMap":{"0":{"name":"(anonymous_2)","decl":{"start":{"line":23,"column":2},"end":{"line":23,"column":null}},"loc":{"start":{"line":26,"column":61},"end":{"line":27,"column":6}}},"1":{"name":"(anonymous_3)","decl":{"start":{"line":29,"column":2},"end":{"line":29,"column":7}},"loc":{"start":{"line":32,"column":17},"end":{"line":64,"column":3}}},"2":{"name":"(anonymous_4)","decl":{"start":{"line":42,"column":31},"end":{"line":42,"column":32}},"loc":{"start":{"line":42,"column":44},"end":{"line":42,"column":61}}},"3":{"name":"(anonymous_5)","decl":{"start":{"line":53,"column":52},"end":{"line":53,"column":53}},"loc":{"start":{"line":53,"column":59},"end":{"line":53,"column":89}}},"4":{"name":"(anonymous_6)","decl":{"start":{"line":55,"column":31},"end":{"line":55,"column":32}},"loc":{"start":{"line":55,"column":44},"end":{"line":58,"column":null}}},"5":{"name":"(anonymous_7)","decl":{"start":{"line":57,"column":44},"end":{"line":57,"column":45}},"loc":{"start":{"line":57,"column":51},"end":{"line":57,"column":79}}},"6":{"name":"(anonymous_8)","decl":{"start":{"line":66,"column":2},"end":{"line":66,"column":7}},"loc":{"start":{"line":69,"column":37},"end":{"line":98,"column":3}}},"7":{"name":"(anonymous_9)","decl":{"start":{"line":100,"column":2},"end":{"line":100,"column":7}},"loc":{"start":{"line":103,"column":16},"end":{"line":114,"column":3}}},"8":{"name":"(anonymous_10)","decl":{"start":{"line":116,"column":2},"end":{"line":116,"column":7}},"loc":{"start":{"line":116,"column":49},"end":{"line":126,"column":3}}}},"branchMap":{"0":{"loc":{"start":{"line":35,"column":4},"end":{"line":37,"column":5}},"type":"if","locations":[{"start":{"line":35,"column":4},"end":{"line":37,"column":5}}]},"1":{"loc":{"start":{"line":60,"column":22},"end":{"line":60,"column":89}},"type":"cond-expr","locations":[{"start":{"line":60,"column":53},"end":{"line":60,"column":85}},{"start":{"line":60,"column":88},"end":{"line":60,"column":89}}]},"2":{"loc":{"start":{"line":72,"column":4},"end":{"line":74,"column":5}},"type":"if","locations":[{"start":{"line":72,"column":4},"end":{"line":74,"column":5}}]},"3":{"loc":{"start":{"line":106,"column":4},"end":{"line":108,"column":5}},"type":"if","locations":[{"start":{"line":106,"column":4},"end":{"line":108,"column":5}}]},"4":{"loc":{"start":{"line":106,"column":8},"end":{"line":106,"column":59}},"type":"binary-expr","locations":[{"start":{"line":106,"column":8},"end":{"line":106,"column":24}},{"start":{"line":106,"column":28},"end":{"line":106,"column":59}}]},"5":{"loc":{"start":{"line":118,"column":4},"end":{"line":120,"column":5}},"type":"if","locations":[{"start":{"line":118,"column":4},"end":{"line":120,"column":5}}]},"6":{"loc":{"start":{"line":118,"column":8},"end":{"line":118,"column":59}},"type":"binary-expr","locations":[{"start":{"line":118,"column":8},"end":{"line":118,"column":24}},{"start":{"line":118,"column":28},"end":{"line":118,"column":59}}]}},"s":{"0":5,"1":5,"2":5,"3":5,"4":5,"5":5,"6":5,"7":5,"8":5,"9":5,"10":5,"11":22,"12":22,"13":22,"14":3,"15":3,"16":1,"17":2,"18":2,"19":3,"20":2,"21":2,"22":2,"23":3,"24":7,"25":2,"26":2,"27":1,"28":1,"29":1,"30":1,"31":1,"32":1,"33":1,"34":1,"35":1,"36":1,"37":1,"38":3,"39":3,"40":2,"41":1,"42":1,"43":1,"44":3,"45":3,"46":2,"47":1,"48":1,"49":1,"50":5,"51":5},"f":{"0":22,"1":3,"2":3,"3":2,"4":3,"5":7,"6":2,"7":3,"8":3},"b":{"0":[1],"1":[1,1],"2":[1],"3":[2],"4":[3,2],"5":[2],"6":[3,2]}}
,"/home/runner/work/seoulsync82-backend/seoulsync82-backend/src/community/community.controller.ts": {"path":"/home/runner/work/seoulsync82-backend/seoulsync82-backend/src/community/community.controller.ts","statementMap":{"0":{"start":{"line":1,"column":0},"end":{"line":1,"column":null}},"1":{"start":{"line":13,"column":0},"end":{"line":13,"column":81}},"2":{"start":{"line":14,"column":0},"end":{"line":14,"column":62}},"3":{"start":{"line":15,"column":0},"end":{"line":15,"column":52}},"4":{"start":{"line":16,"column":0},"end":{"line":16,"column":125}},"5":{"start":{"line":17,"column":0},"end":{"line":17,"column":95}},"6":{"start":{"line":18,"column":0},"end":{"line":18,"column":104}},"7":{"start":{"line":19,"column":0},"end":{"line":19,"column":91}},"8":{"start":{"line":20,"column":0},"end":{"line":20,"column":68}},"9":{"start":{"line":23,"column":0},"end":{"line":23,"column":69}},"10":{"start":{"line":24,"column":0},"end":{"line":24,"column":62}},"11":{"start":{"line":25,"column":0},"end":{"line":25,"column":67}},"12":{"start":{"line":26,"column":0},"end":{"line":26,"column":118}},"13":{"start":{"line":27,"column":0},"end":{"line":27,"column":107}},"14":{"start":{"line":28,"column":0},"end":{"line":28,"column":121}},"15":{"start":{"line":29,"column":0},"end":{"line":29,"column":112}},"16":{"start":{"line":30,"column":0},"end":{"line":30,"column":103}},"17":{"start":{"line":31,"column":0},"end":{"line":31,"column":94}},"18":{"start":{"line":32,"column":0},"end":{"line":32,"column":103}},"19":{"start":{"line":33,"column":0},"end":{"line":33,"column":101}},"20":{"start":{"line":34,"column":0},"end":{"line":34,"column":48}},"21":{"start":{"line":38,"column":7},"end":{"line":210,"column":null}},"22":{"start":{"line":39,"column":31},"end":{"line":39,"column":49}},"23":{"start":{"line":71,"column":4},"end":{"line":71,"column":64}},"24":{"start":{"line":89,"column":4},"end":{"line":89,"column":66}},"25":{"start":{"line":107,"column":4},"end":{"line":107,"column":58}},"26":{"start":{"line":132,"column":4},"end":{"line":132,"column":61}},"27":{"start":{"line":161,"column":4},"end":{"line":161,"column":63}},"28":{"start":{"line":189,"column":4},"end":{"line":189,"column":61}},"29":{"start":{"line":208,"column":4},"end":{"line":208,"column":51}},"30":{"start":{"line":38,"column":13},"end":{"line":38,"column":32}},"31":{"start":{"line":66,"column":8},"end":{"line":72,"column":null}},"32":{"start":{"line":85,"column":8},"end":{"line":90,"column":null}},"33":{"start":{"line":103,"column":8},"end":{"line":108,"column":null}},"34":{"start":{"line":131,"column":8},"end":{"line":133,"column":null}},"35":{"start":{"line":156,"column":8},"end":{"line":162,"column":null}},"36":{"start":{"line":185,"column":8},"end":{"line":190,"column":null}},"37":{"start":{"line":205,"column":8},"end":{"line":209,"column":null}},"38":{"start":{"line":38,"column":13},"end":{"line":210,"column":null}}},"fnMap":{"0":{"name":"(anonymous_4)","decl":{"start":{"line":39,"column":2},"end":{"line":39,"column":31}},"loc":{"start":{"line":39,"column":65},"end":{"line":39,"column":69}}},"1":{"name":"(anonymous_5)","decl":{"start":{"line":66,"column":2},"end":{"line":66,"column":7}},"loc":{"start":{"line":69,"column":59},"end":{"line":72,"column":3}}},"2":{"name":"(anonymous_6)","decl":{"start":{"line":85,"column":2},"end":{"line":85,"column":7}},"loc":{"start":{"line":87,"column":32},"end":{"line":90,"column":3}}},"3":{"name":"(anonymous_7)","decl":{"start":{"line":103,"column":2},"end":{"line":103,"column":7}},"loc":{"start":{"line":105,"column":32},"end":{"line":108,"column":3}}},"4":{"name":"(anonymous_8)","decl":{"start":{"line":131,"column":2},"end":{"line":131,"column":7}},"loc":{"start":{"line":131,"column":72},"end":{"line":133,"column":3}}},"5":{"name":"(anonymous_9)","decl":{"start":{"line":156,"column":2},"end":{"line":156,"column":7}},"loc":{"start":{"line":159,"column":31},"end":{"line":162,"column":3}}},"6":{"name":"(anonymous_10)","decl":{"start":{"line":185,"column":2},"end":{"line":185,"column":7}},"loc":{"start":{"line":187,"column":31},"end":{"line":190,"column":3}}},"7":{"name":"(anonymous_11)","decl":{"start":{"line":205,"column":2},"end":{"line":205,"column":7}},"loc":{"start":{"line":206,"column":38},"end":{"line":209,"column":3}}}},"branchMap":{},"s":{"0":4,"1":4,"2":4,"3":4,"4":4,"5":4,"6":4,"7":4,"8":4,"9":4,"10":4,"11":4,"12":4,"13":4,"14":4,"15":4,"16":4,"17":4,"18":4,"19":4,"20":4,"21":4,"22":18,"23":1,"24":1,"25":1,"26":1,"27":1,"28":1,"29":1,"30":4,"31":4,"32":4,"33":4,"34":4,"35":4,"36":4,"37":4,"38":4},"f":{"0":18,"1":1,"2":1,"3":1,"4":1,"5":1,"6":1,"7":1},"b":{}}
,"/home/runner/work/seoulsync82-backend/seoulsync82-backend/src/community/community.query.repository.ts": {"path":"/home/runner/work/seoulsync82-backend/seoulsync82-backend/src/community/community.query.repository.ts","statementMap":{"0":{"start":{"line":1,"column":0},"end":{"line":1,"column":51}},"1":{"start":{"line":2,"column":0},"end":{"line":2,"column":94}},"2":{"start":{"line":4,"column":0},"end":{"line":4,"column":64}},"3":{"start":{"line":6,"column":0},"end":{"line":6,"column":45}},"4":{"start":{"line":8,"column":0},"end":{"line":129,"column":null}},"5":{"start":{"line":11,"column":12},"end":{"line":11,"column":24}},"6":{"start":{"line":15,"column":4},"end":{"line":15,"column":49}},"7":{"start":{"line":19,"column":4},"end":{"line":21,"column":7}},"8":{"start":{"line":25,"column":4},"end":{"line":28,"column":7}},"9":{"start":{"line":32,"column":4},"end":{"line":34,"column":7}},"10":{"start":{"line":38,"column":15},"end":{"line":40,"column":45}},"11":{"start":{"line":42,"column":4},"end":{"line":44,"column":5}},"12":{"start":{"line":43,"column":6},"end":{"line":43,"column":78}},"13":{"start":{"line":46,"column":4},"end":{"line":46,"column":25}},"14":{"start":{"line":53,"column":15},"end":{"line":53,"column":62}},"15":{"start":{"line":56,"column":25},"end":{"line":56,"column":78}},"16":{"start":{"line":57,"column":23},"end":{"line":57,"column":74}},"17":{"start":{"line":60,"column":4},"end":{"line":63,"column":43}},"18":{"start":{"line":65,"column":4},"end":{"line":67,"column":5}},"19":{"start":{"line":66,"column":6},"end":{"line":66,"column":78}},"20":{"start":{"line":70,"column":4},"end":{"line":72,"column":5}},"21":{"start":{"line":71,"column":6},"end":{"line":71,"column":94}},"22":{"start":{"line":75,"column":4},"end":{"line":81,"column":5}},"23":{"start":{"line":76,"column":6},"end":{"line":76,"column":84}},"24":{"start":{"line":78,"column":6},"end":{"line":80,"column":44}},"25":{"start":{"line":82,"column":4},"end":{"line":82,"column":26}},"26":{"start":{"line":85,"column":30},"end":{"line":85,"column":58}},"27":{"start":{"line":86,"column":20},"end":{"line":90,"column":7}},"28":{"start":{"line":86,"column":43},"end":{"line":89,"column":null}},"29":{"start":{"line":93,"column":20},"end":{"line":93,"column":45}},"30":{"start":{"line":94,"column":22},"end":{"line":94,"column":68}},"31":{"start":{"line":95,"column":23},"end":{"line":97,"column":12}},"32":{"start":{"line":99,"column":4},"end":{"line":99,"column":52}},"33":{"start":{"line":103,"column":19},"end":{"line":114,"column":19}},"34":{"start":{"line":116,"column":4},"end":{"line":121,"column":8}},"35":{"start":{"line":116,"column":32},"end":{"line":121,"column":6}},"36":{"start":{"line":125,"column":4},"end":{"line":127,"column":7}},"37":{"start":{"line":8,"column":13},"end":{"line":8,"column":37}},"38":{"start":{"line":8,"column":13},"end":{"line":129,"column":null}}},"fnMap":{"0":{"name":"(anonymous_4)","decl":{"start":{"line":9,"column":2},"end":{"line":9,"column":null}},"loc":{"start":{"line":11,"column":51},"end":{"line":12,"column":6}}},"1":{"name":"(anonymous_5)","decl":{"start":{"line":14,"column":2},"end":{"line":14,"column":7}},"loc":{"start":{"line":14,"column":45},"end":{"line":16,"column":3}}},"2":{"name":"(anonymous_6)","decl":{"start":{"line":18,"column":2},"end":{"line":18,"column":7}},"loc":{"start":{"line":18,"column":28},"end":{"line":22,"column":3}}},"3":{"name":"(anonymous_7)","decl":{"start":{"line":24,"column":2},"end":{"line":24,"column":7}},"loc":{"start":{"line":24,"column":33},"end":{"line":29,"column":3}}},"4":{"name":"(anonymous_8)","decl":{"start":{"line":31,"column":2},"end":{"line":31,"column":7}},"loc":{"start":{"line":31,"column":57},"end":{"line":35,"column":3}}},"5":{"name":"(anonymous_9)","decl":{"start":{"line":37,"column":2},"end":{"line":37,"column":7}},"loc":{"start":{"line":37,"column":78},"end":{"line":47,"column":3}}},"6":{"name":"(anonymous_10)","decl":{"start":{"line":49,"column":2},"end":{"line":49,"column":7}},"loc":{"start":{"line":51,"column":17},"end":{"line":100,"column":3}}},"7":{"name":"(anonymous_11)","decl":{"start":{"line":86,"column":33},"end":{"line":86,"column":34}},"loc":{"start":{"line":86,"column":43},"end":{"line":89,"column":null}}},"8":{"name":"(anonymous_12)","decl":{"start":{"line":102,"column":2},"end":{"line":102,"column":7}},"loc":{"start":{"line":102,"column":48},"end":{"line":122,"column":3}}},"9":{"name":"(anonymous_13)","decl":{"start":{"line":116,"column":22},"end":{"line":116,"column":23}},"loc":{"start":{"line":116,"column":32},"end":{"line":121,"column":6}}},"10":{"name":"(anonymous_14)","decl":{"start":{"line":124,"column":2},"end":{"line":124,"column":7}},"loc":{"start":{"line":124,"column":31},"end":{"line":128,"column":3}}}},"branchMap":{"0":{"loc":{"start":{"line":42,"column":4},"end":{"line":44,"column":5}},"type":"if","locations":[{"start":{"line":42,"column":4},"end":{"line":44,"column":5}}]},"1":{"loc":{"start":{"line":65,"column":4},"end":{"line":67,"column":5}},"type":"if","locations":[{"start":{"line":65,"column":4},"end":{"line":67,"column":5}}]},"2":{"loc":{"start":{"line":70,"column":4},"end":{"line":72,"column":5}},"type":"if","locations":[{"start":{"line":70,"column":4},"end":{"line":72,"column":5}}]},"3":{"loc":{"start":{"line":75,"column":4},"end":{"line":81,"column":5}},"type":"if","locations":[{"start":{"line":75,"column":4},"end":{"line":81,"column":5}},{"start":{"line":77,"column":11},"end":{"line":81,"column":5}}]},"4":{"loc":{"start":{"line":94,"column":22},"end":{"line":94,"column":68}},"type":"cond-expr","locations":[{"start":{"line":94,"column":32},"end":{"line":94,"column":58}},{"start":{"line":94,"column":61},"end":{"line":94,"column":68}}]},"5":{"loc":{"start":{"line":95,"column":23},"end":{"line":97,"column":12}},"type":"cond-expr","locations":[{"start":{"line":96,"column":8},"end":{"line":96,"column":98}},{"start":{"line":97,"column":8},"end":{"line":97,"column":12}}]}},"s":{"0":14,"1":14,"2":14,"3":14,"4":14,"5":22,"6":1,"7":1,"8":1,"9":3,"10":2,"11":2,"12":1,"13":2,"14":3,"15":3,"16":3,"17":3,"18":3,"19":1,"20":3,"21":1,"22":3,"23":2,"24":1,"25":3,"26":3,"27":3,"28":5,"29":3,"30":3,"31":3,"32":3,"33":3,"34":3,"35":2,"36":1,"37":14,"38":14},"f":{"0":22,"1":1,"2":1,"3":1,"4":3,"5":2,"6":3,"7":5,"8":3,"9":2,"10":1},"b":{"0":[1],"1":[1],"2":[1],"3":[2,1],"4":[1,2],"5":[1,2]}}
,"/home/runner/work/seoulsync82-backend/seoulsync82-backend/src/community/community.service.ts": {"path":"/home/runner/work/seoulsync82-backend/seoulsync82-backend/src/community/community.service.ts","statementMap":{"0":{"start":{"line":1,"column":0},"end":{"line":1,"column":82}},"1":{"start":{"line":2,"column":0},"end":{"line":2,"column":52}},"2":{"start":{"line":3,"column":0},"end":{"line":3,"column":45}},"3":{"start":{"line":4,"column":0},"end":{"line":4,"column":81}},"4":{"start":{"line":5,"column":0},"end":{"line":5,"column":78}},"5":{"start":{"line":6,"column":0},"end":{"line":6,"column":52}},"6":{"start":{"line":10,"column":0},"end":{"line":10,"column":55}},"7":{"start":{"line":11,"column":0},"end":{"line":11,"column":53}},"8":{"start":{"line":12,"column":0},"end":{"line":12,"column":84}},"9":{"start":{"line":13,"column":0},"end":{"line":13,"column":118}},"10":{"start":{"line":14,"column":0},"end":{"line":14,"column":107}},"11":{"start":{"line":16,"column":0},"end":{"line":16,"column":112}},"12":{"start":{"line":18,"column":0},"end":{"line":18,"column":94}},"13":{"start":{"line":21,"column":0},"end":{"line":21,"column":100}},"14":{"start":{"line":22,"column":0},"end":{"line":22,"column":75}},"15":{"start":{"line":23,"column":0},"end":{"line":23,"column":64}},"16":{"start":{"line":25,"column":0},"end":{"line":25,"column":81}},"17":{"start":{"line":27,"column":0},"end":{"line":27,"column":69}},"18":{"start":{"line":30,"column":7},"end":{"line":219,"column":null}},"19":{"start":{"line":32,"column":21},"end":{"line":32,"column":47}},"20":{"start":{"line":33,"column":21},"end":{"line":33,"column":46}},"21":{"start":{"line":34,"column":21},"end":{"line":34,"column":44}},"22":{"start":{"line":35,"column":21},"end":{"line":35,"column":46}},"23":{"start":{"line":36,"column":21},"end":{"line":36,"column":42}},"24":{"start":{"line":37,"column":21},"end":{"line":37,"column":45}},"25":{"start":{"line":45,"column":19},"end":{"line":45,"column":65}},"26":{"start":{"line":46,"column":4},"end":{"line":48,"column":5}},"27":{"start":{"line":47,"column":6},"end":{"line":47,"column":56}},"28":{"start":{"line":50,"column":22},"end":{"line":50,"column":91}},"29":{"start":{"line":51,"column":4},"end":{"line":53,"column":5}},"30":{"start":{"line":52,"column":6},"end":{"line":52,"column":53}},"31":{"start":{"line":55,"column":28},"end":{"line":55,"column":49}},"32":{"start":{"line":56,"column":4},"end":{"line":56,"column":42}},"33":{"start":{"line":57,"column":4},"end":{"line":57,"column":39}},"34":{"start":{"line":58,"column":4},"end":{"line":58,"column":46}},"35":{"start":{"line":59,"column":4},"end":{"line":59,"column":42}},"36":{"start":{"line":60,"column":4},"end":{"line":60,"column":53}},"37":{"start":{"line":61,"column":4},"end":{"line":61,"column":40}},"38":{"start":{"line":62,"column":4},"end":{"line":62,"column":38}},"39":{"start":{"line":64,"column":4},"end":{"line":64,"column":62}},"40":{"start":{"line":66,"column":4},"end":{"line":66,"column":42}},"41":{"start":{"line":73,"column":41},"end":{"line":73,"column":97}},"42":{"start":{"line":74,"column":4},"end":{"line":76,"column":5}},"43":{"start":{"line":75,"column":6},"end":{"line":75,"column":44}},"44":{"start":{"line":78,"column":43},"end":{"line":78,"column":96}},"45":{"start":{"line":81,"column":6},"end":{"line":81,"column":85}},"46":{"start":{"line":83,"column":4},"end":{"line":91,"column":6}},"47":{"start":{"line":86,"column":28},"end":{"line":88,"column":null}},"48":{"start":{"line":88,"column":45},"end":{"line":88,"column":61}},"49":{"start":{"line":98,"column":42},"end":{"line":101,"column":6}},"50":{"start":{"line":103,"column":4},"end":{"line":105,"column":5}},"51":{"start":{"line":104,"column":6},"end":{"line":104,"column":60}},"52":{"start":{"line":107,"column":42},"end":{"line":107,"column":57}},"53":{"start":{"line":109,"column":35},"end":{"line":112,"column":6}},"54":{"start":{"line":110,"column":70},"end":{"line":110,"column":86}},"55":{"start":{"line":111,"column":72},"end":{"line":111,"column":86}},"56":{"start":{"line":114,"column":4},"end":{"line":132,"column":6}},"57":{"start":{"line":118,"column":30},"end":{"line":118,"column":86}},"58":{"start":{"line":118,"column":53},"end":{"line":118,"column":85}},"59":{"start":{"line":119,"column":28},"end":{"line":119,"column":80}},"60":{"start":{"line":119,"column":49},"end":{"line":119,"column":79}},"61":{"start":{"line":120,"column":8},"end":{"line":127,"column":null}},"62":{"start":{"line":136,"column":39},"end":{"line":136,"column":88}},"63":{"start":{"line":137,"column":4},"end":{"line":139,"column":5}},"64":{"start":{"line":138,"column":6},"end":{"line":138,"column":56}},"65":{"start":{"line":141,"column":80},"end":{"line":148,"column":6}},"66":{"start":{"line":150,"column":4},"end":{"line":176,"column":7}},"67":{"start":{"line":158,"column":44},"end":{"line":158,"column":58}},"68":{"start":{"line":166,"column":40},"end":{"line":166,"column":54}},"69":{"start":{"line":169,"column":42},"end":{"line":172,"column":null}},"70":{"start":{"line":184,"column":39},"end":{"line":184,"column":88}},"71":{"start":{"line":185,"column":4},"end":{"line":187,"column":5}},"72":{"start":{"line":186,"column":6},"end":{"line":186,"column":56}},"73":{"start":{"line":189,"column":4},"end":{"line":189,"column":34}},"74":{"start":{"line":190,"column":4},"end":{"line":190,"column":32}},"75":{"start":{"line":191,"column":4},"end":{"line":191,"column":56}},"76":{"start":{"line":193,"column":4},"end":{"line":193,"column":20}},"77":{"start":{"line":197,"column":39},"end":{"line":197,"column":88}},"78":{"start":{"line":198,"column":4},"end":{"line":200,"column":5}},"79":{"start":{"line":199,"column":6},"end":{"line":199,"column":56}},"80":{"start":{"line":202,"column":4},"end":{"line":202,"column":39}},"81":{"start":{"line":203,"column":4},"end":{"line":203,"column":56}},"82":{"start":{"line":205,"column":4},"end":{"line":205,"column":20}},"83":{"start":{"line":209,"column":39},"end":{"line":209,"column":91}},"84":{"start":{"line":211,"column":4},"end":{"line":217,"column":6}},"85":{"start":{"line":30,"column":13},"end":{"line":30,"column":29}},"86":{"start":{"line":30,"column":13},"end":{"line":219,"column":null}}},"fnMap":{"0":{"name":"(anonymous_2)","decl":{"start":{"line":31,"column":2},"end":{"line":31,"column":null}},"loc":{"start":{"line":37,"column":67},"end":{"line":38,"column":6}}},"1":{"name":"(anonymous_3)","decl":{"start":{"line":40,"column":2},"end":{"line":40,"column":7}},"loc":{"start":{"line":43,"column":39},"end":{"line":67,"column":3}}},"2":{"name":"(anonymous_4)","decl":{"start":{"line":69,"column":2},"end":{"line":69,"column":7}},"loc":{"start":{"line":71,"column":17},"end":{"line":92,"column":3}}},"3":{"name":"(anonymous_5)","decl":{"start":{"line":86,"column":13},"end":{"line":86,"column":14}},"loc":{"start":{"line":86,"column":28},"end":{"line":88,"column":null}}},"4":{"name":"(anonymous_6)","decl":{"start":{"line":88,"column":35},"end":{"line":88,"column":36}},"loc":{"start":{"line":88,"column":45},"end":{"line":88,"column":61}}},"5":{"name":"(anonymous_7)","decl":{"start":{"line":94,"column":2},"end":{"line":94,"column":7}},"loc":{"start":{"line":96,"column":17},"end":{"line":133,"column":3}}},"6":{"name":"(anonymous_8)","decl":{"start":{"line":110,"column":60},"end":{"line":110,"column":61}},"loc":{"start":{"line":110,"column":70},"end":{"line":110,"column":86}}},"7":{"name":"(anonymous_9)","decl":{"start":{"line":111,"column":62},"end":{"line":111,"column":63}},"loc":{"start":{"line":111,"column":72},"end":{"line":111,"column":86}}},"8":{"name":"(anonymous_10)","decl":{"start":{"line":117,"column":13},"end":{"line":117,"column":14}},"loc":{"start":{"line":117,"column":27},"end":{"line":129,"column":7}}},"9":{"name":"(anonymous_11)","decl":{"start":{"line":118,"column":46},"end":{"line":118,"column":47}},"loc":{"start":{"line":118,"column":53},"end":{"line":118,"column":85}}},"10":{"name":"(anonymous_12)","decl":{"start":{"line":119,"column":42},"end":{"line":119,"column":43}},"loc":{"start":{"line":119,"column":49},"end":{"line":119,"column":79}}},"11":{"name":"(anonymous_13)","decl":{"start":{"line":135,"column":2},"end":{"line":135,"column":7}},"loc":{"start":{"line":135,"column":51},"end":{"line":177,"column":3}}},"12":{"name":"(anonymous_14)","decl":{"start":{"line":158,"column":34},"end":{"line":158,"column":35}},"loc":{"start":{"line":158,"column":44},"end":{"line":158,"column":58}}},"13":{"name":"(anonymous_15)","decl":{"start":{"line":166,"column":30},"end":{"line":166,"column":31}},"loc":{"start":{"line":166,"column":40},"end":{"line":166,"column":54}}},"14":{"name":"(anonymous_16)","decl":{"start":{"line":169,"column":25},"end":{"line":169,"column":26}},"loc":{"start":{"line":169,"column":42},"end":{"line":172,"column":null}}},"15":{"name":"(anonymous_17)","decl":{"start":{"line":179,"column":2},"end":{"line":179,"column":7}},"loc":{"start":{"line":182,"column":16},"end":{"line":194,"column":3}}},"16":{"name":"(anonymous_18)","decl":{"start":{"line":196,"column":2},"end":{"line":196,"column":7}},"loc":{"start":{"line":196,"column":51},"end":{"line":206,"column":3}}},"17":{"name":"(anonymous_19)","decl":{"start":{"line":208,"column":2},"end":{"line":208,"column":7}},"loc":{"start":{"line":208,"column":32},"end":{"line":218,"column":3}}}},"branchMap":{"0":{"loc":{"start":{"line":46,"column":4},"end":{"line":48,"column":5}},"type":"if","locations":[{"start":{"line":46,"column":4},"end":{"line":48,"column":5}}]},"1":{"loc":{"start":{"line":51,"column":4},"end":{"line":53,"column":5}},"type":"if","locations":[{"start":{"line":51,"column":4},"end":{"line":53,"column":5}}]},"2":{"loc":{"start":{"line":74,"column":4},"end":{"line":76,"column":5}},"type":"if","locations":[{"start":{"line":74,"column":4},"end":{"line":76,"column":5}}]},"3":{"loc":{"start":{"line":81,"column":6},"end":{"line":81,"column":85}},"type":"cond-expr","locations":[{"start":{"line":81,"column":41},"end":{"line":81,"column":81}},{"start":{"line":81,"column":84},"end":{"line":81,"column":85}}]},"4":{"loc":{"start":{"line":103,"column":4},"end":{"line":105,"column":5}},"type":"if","locations":[{"start":{"line":103,"column":4},"end":{"line":105,"column":5}}]},"5":{"loc":{"start":{"line":137,"column":4},"end":{"line":139,"column":5}},"type":"if","locations":[{"start":{"line":137,"column":4},"end":{"line":139,"column":5}}]},"6":{"loc":{"start":{"line":159,"column":23},"end":{"line":159,"column":67}},"type":"binary-expr","locations":[{"start":{"line":159,"column":23},"end":{"line":159,"column":30}},{"start":{"line":159,"column":34},"end":{"line":159,"column":67}}]},"7":{"loc":{"start":{"line":185,"column":4},"end":{"line":187,"column":5}},"type":"if","locations":[{"start":{"line":185,"column":4},"end":{"line":187,"column":5}}]},"8":{"loc":{"start":{"line":185,"column":8},"end":{"line":185,"column":63}},"type":"binary-expr","locations":[{"start":{"line":185,"column":8},"end":{"line":185,"column":26}},{"start":{"line":185,"column":30},"end":{"line":185,"column":63}}]},"9":{"loc":{"start":{"line":198,"column":4},"end":{"line":200,"column":5}},"type":"if","locations":[{"start":{"line":198,"column":4},"end":{"line":200,"column":5}}]},"10":{"loc":{"start":{"line":198,"column":8},"end":{"line":198,"column":63}},"type":"binary-expr","locations":[{"start":{"line":198,"column":8},"end":{"line":198,"column":26}},{"start":{"line":198,"column":30},"end":{"line":198,"column":63}}]}},"s":{"0":5,"1":5,"2":5,"3":5,"4":5,"5":5,"6":5,"7":5,"8":5,"9":5,"10":5,"11":5,"12":5,"13":5,"14":5,"15":5,"16":5,"17":5,"18":5,"19":30,"20":30,"21":30,"22":30,"23":30,"24":30,"25":3,"26":3,"27":1,"28":2,"29":2,"30":1,"31":1,"32":1,"33":1,"34":1,"35":1,"36":1,"37":1,"38":1,"39":1,"40":1,"41":3,"42":3,"43":1,"44":2,"45":2,"46":2,"47":4,"48":4,"49":2,"50":2,"51":1,"52":1,"53":1,"54":2,"55":2,"56":1,"57":2,"58":3,"59":2,"60":3,"61":2,"62":3,"63":3,"64":1,"65":2,"66":2,"67":1,"68":1,"69":1,"70":3,"71":3,"72":2,"73":1,"74":1,"75":1,"76":1,"77":3,"78":3,"79":2,"80":1,"81":1,"82":1,"83":2,"84":2,"85":5,"86":5},"f":{"0":30,"1":3,"2":3,"3":4,"4":4,"5":2,"6":2,"7":2,"8":2,"9":3,"10":3,"11":3,"12":1,"13":1,"14":1,"15":3,"16":3,"17":2},"b":{"0":[1],"1":[1],"2":[1],"3":[1,1],"4":[1],"5":[1],"6":[2,1],"7":[2],"8":[3,2],"9":[2],"10":[3,2]}}
,"/home/runner/work/seoulsync82-backend/seoulsync82-backend/src/course/course-recommendation.service.ts": {"path":"/home/runner/work/seoulsync82-backend/seoulsync82-backend/src/course/course-recommendation.service.ts","statementMap":{"0":{"start":{"line":1,"column":0},"end":{"line":1,"column":63}},"1":{"start":{"line":2,"column":0},"end":{"line":2,"column":52}},"2":{"start":{"line":3,"column":0},"end":{"line":3,"column":69}},"3":{"start":{"line":4,"column":0},"end":{"line":4,"column":53}},"4":{"start":{"line":5,"column":0},"end":{"line":5,"column":52}},"5":{"start":{"line":6,"column":0},"end":{"line":6,"column":87}},"6":{"start":{"line":7,"column":0},"end":{"line":7,"column":72}},"7":{"start":{"line":8,"column":0},"end":{"line":8,"column":97}},"8":{"start":{"line":9,"column":0},"end":{"line":9,"column":67}},"9":{"start":{"line":10,"column":0},"end":{"line":10,"column":53}},"10":{"start":{"line":11,"column":0},"end":{"line":11,"column":75}},"11":{"start":{"line":13,"column":0},"end":{"line":13,"column":115}},"12":{"start":{"line":15,"column":0},"end":{"line":15,"column":104}},"13":{"start":{"line":16,"column":0},"end":{"line":16,"column":74}},"14":{"start":{"line":17,"column":0},"end":{"line":17,"column":70}},"15":{"start":{"line":21,"column":0},"end":{"line":21,"column":72}},"16":{"start":{"line":22,"column":0},"end":{"line":22,"column":75}},"17":{"start":{"line":23,"column":0},"end":{"line":23,"column":72}},"18":{"start":{"line":27,"column":7},"end":{"line":211,"column":null}},"19":{"start":{"line":29,"column":21},"end":{"line":29,"column":44}},"20":{"start":{"line":30,"column":21},"end":{"line":30,"column":44}},"21":{"start":{"line":31,"column":21},"end":{"line":31,"column":43}},"22":{"start":{"line":32,"column":21},"end":{"line":32,"column":43}},"23":{"start":{"line":40,"column":28},"end":{"line":41,"column":null}},"24":{"start":{"line":43,"column":4},"end":{"line":45,"column":5}},"25":{"start":{"line":44,"column":6},"end":{"line":44,"column":56}},"26":{"start":{"line":48,"column":43},"end":{"line":50,"column":null}},"27":{"start":{"line":54,"column":31},"end":{"line":56,"column":12}},"28":{"start":{"line":58,"column":52},"end":{"line":60,"column":10}},"29":{"start":{"line":63,"column":32},"end":{"line":78,"column":5}},"30":{"start":{"line":64,"column":29},"end":{"line":64,"column":91}},"31":{"start":{"line":64,"column":63},"end":{"line":64,"column":90}},"32":{"start":{"line":67,"column":6},"end":{"line":76,"column":7}},"33":{"start":{"line":68,"column":29},"end":{"line":68,"column":42}},"34":{"start":{"line":69,"column":8},"end":{"line":69,"column":42}},"35":{"start":{"line":71,"column":31},"end":{"line":73,"column":null}},"36":{"start":{"line":75,"column":8},"end":{"line":75,"column":89}},"37":{"start":{"line":75,"column":60},"end":{"line":75,"column":87}},"38":{"start":{"line":77,"column":6},"end":{"line":77,"column":30}},"39":{"start":{"line":81,"column":43},"end":{"line":100,"column":12}},"40":{"start":{"line":84,"column":31},"end":{"line":84,"column":64}},"41":{"start":{"line":85,"column":36},"end":{"line":88,"column":null}},"42":{"start":{"line":90,"column":33},"end":{"line":92,"column":null}},"43":{"start":{"line":94,"column":10},"end":{"line":96,"column":11}},"44":{"start":{"line":95,"column":12},"end":{"line":95,"column":62}},"45":{"start":{"line":97,"column":10},"end":{"line":97,"column":32}},"46":{"start":{"line":103,"column":47},"end":{"line":103,"column":49}},"47":{"start":{"line":104,"column":4},"end":{"line":113,"column":7}},"48":{"start":{"line":105,"column":20},"end":{"line":105,"column":78}},"49":{"start":{"line":105,"column":51},"end":{"line":105,"column":77}},"50":{"start":{"line":106,"column":29},"end":{"line":108,"column":8}},"51":{"start":{"line":109,"column":6},"end":{"line":109,"column":38}},"52":{"start":{"line":110,"column":6},"end":{"line":110,"column":77}},"53":{"start":{"line":111,"column":6},"end":{"line":111,"column":72}},"54":{"start":{"line":112,"column":6},"end":{"line":112,"column":40}},"55":{"start":{"line":116,"column":24},"end":{"line":116,"column":47}},"56":{"start":{"line":117,"column":23},"end":{"line":121,"column":55}},"57":{"start":{"line":124,"column":45},"end":{"line":137,"column":6}},"58":{"start":{"line":131,"column":43},"end":{"line":134,"column":8}},"59":{"start":{"line":139,"column":4},"end":{"line":139,"column":44}},"60":{"start":{"line":147,"column":26},"end":{"line":147,"column":98}},"61":{"start":{"line":148,"column":4},"end":{"line":150,"column":5}},"62":{"start":{"line":149,"column":6},"end":{"line":149,"column":56}},"63":{"start":{"line":154,"column":6},"end":{"line":156,"column":96}},"64":{"start":{"line":159,"column":26},"end":{"line":159,"column":50}},"65":{"start":{"line":160,"column":28},"end":{"line":161,"column":null}},"66":{"start":{"line":161,"column":17},"end":{"line":161,"column":47}},"67":{"start":{"line":165,"column":52},"end":{"line":167,"column":10}},"68":{"start":{"line":170,"column":4},"end":{"line":180,"column":5}},"69":{"start":{"line":171,"column":27},"end":{"line":171,"column":40}},"70":{"start":{"line":172,"column":6},"end":{"line":172,"column":40}},"71":{"start":{"line":174,"column":27},"end":{"line":176,"column":null}},"72":{"start":{"line":179,"column":6},"end":{"line":179,"column":89}},"73":{"start":{"line":179,"column":57},"end":{"line":179,"column":87}},"74":{"start":{"line":183,"column":30},"end":{"line":186,"column":null}},"75":{"start":{"line":188,"column":21},"end":{"line":190,"column":null}},"76":{"start":{"line":192,"column":4},"end":{"line":194,"column":5}},"77":{"start":{"line":193,"column":6},"end":{"line":193,"column":56}},"78":{"start":{"line":195,"column":26},"end":{"line":195,"column":37}},"79":{"start":{"line":198,"column":50},"end":{"line":206,"column":null}},"80":{"start":{"line":209,"column":4},"end":{"line":209,"column":49}},"81":{"start":{"line":27,"column":13},"end":{"line":27,"column":40}},"82":{"start":{"line":27,"column":13},"end":{"line":211,"column":null}}},"fnMap":{"0":{"name":"(anonymous_2)","decl":{"start":{"line":28,"column":2},"end":{"line":28,"column":null}},"loc":{"start":{"line":32,"column":63},"end":{"line":33,"column":6}}},"1":{"name":"(anonymous_3)","decl":{"start":{"line":35,"column":2},"end":{"line":35,"column":7}},"loc":{"start":{"line":37,"column":18},"end":{"line":140,"column":3}}},"2":{"name":"(anonymous_4)","decl":{"start":{"line":63,"column":32},"end":{"line":63,"column":37}},"loc":{"start":{"line":63,"column":81},"end":{"line":78,"column":5}}},"3":{"name":"(anonymous_5)","decl":{"start":{"line":64,"column":52},"end":{"line":64,"column":53}},"loc":{"start":{"line":64,"column":63},"end":{"line":64,"column":90}}},"4":{"name":"(anonymous_6)","decl":{"start":{"line":75,"column":49},"end":{"line":75,"column":50}},"loc":{"start":{"line":75,"column":60},"end":{"line":75,"column":87}}},"5":{"name":"(anonymous_7)","decl":{"start":{"line":83,"column":28},"end":{"line":83,"column":33}},"loc":{"start":{"line":83,"column":45},"end":{"line":98,"column":9}}},"6":{"name":"(anonymous_8)","decl":{"start":{"line":104,"column":28},"end":{"line":104,"column":29}},"loc":{"start":{"line":104,"column":46},"end":{"line":113,"column":5}}},"7":{"name":"(anonymous_9)","decl":{"start":{"line":105,"column":41},"end":{"line":105,"column":42}},"loc":{"start":{"line":105,"column":51},"end":{"line":105,"column":77}}},"8":{"name":"(anonymous_10)","decl":{"start":{"line":131,"column":32},"end":{"line":131,"column":33}},"loc":{"start":{"line":131,"column":43},"end":{"line":134,"column":8}}},"9":{"name":"(anonymous_11)","decl":{"start":{"line":142,"column":2},"end":{"line":142,"column":7}},"loc":{"start":{"line":144,"column":18},"end":{"line":210,"column":3}}},"10":{"name":"(anonymous_12)","decl":{"start":{"line":161,"column":6},"end":{"line":161,"column":7}},"loc":{"start":{"line":161,"column":17},"end":{"line":161,"column":47}}},"11":{"name":"(anonymous_13)","decl":{"start":{"line":179,"column":46},"end":{"line":179,"column":47}},"loc":{"start":{"line":179,"column":57},"end":{"line":179,"column":87}}}},"branchMap":{"0":{"loc":{"start":{"line":43,"column":4},"end":{"line":45,"column":5}},"type":"if","locations":[{"start":{"line":43,"column":4},"end":{"line":45,"column":5}}]},"1":{"loc":{"start":{"line":54,"column":31},"end":{"line":56,"column":12}},"type":"cond-expr","locations":[{"start":{"line":55,"column":8},"end":{"line":55,"column":69}},{"start":{"line":56,"column":8},"end":{"line":56,"column":12}}]},"2":{"loc":{"start":{"line":58,"column":52},"end":{"line":60,"column":10}},"type":"cond-expr","locations":[{"start":{"line":59,"column":8},"end":{"line":59,"column":73}},{"start":{"line":60,"column":8},"end":{"line":60,"column":10}}]},"3":{"loc":{"start":{"line":67,"column":6},"end":{"line":76,"column":7}},"type":"if","locations":[{"start":{"line":67,"column":6},"end":{"line":76,"column":7}}]},"4":{"loc":{"start":{"line":94,"column":10},"end":{"line":96,"column":11}},"type":"if","locations":[{"start":{"line":94,"column":10},"end":{"line":96,"column":11}}]},"5":{"loc":{"start":{"line":117,"column":23},"end":{"line":121,"column":55}},"type":"cond-expr","locations":[{"start":{"line":118,"column":8},"end":{"line":118,"column":88}},{"start":{"line":119,"column":8},"end":{"line":121,"column":55}}]},"6":{"loc":{"start":{"line":135,"column":13},"end":{"line":135,"column":78}},"type":"cond-expr","locations":[{"start":{"line":135,"column":21},"end":{"line":135,"column":66}},{"start":{"line":135,"column":69},"end":{"line":135,"column":78}}]},"7":{"loc":{"start":{"line":148,"column":4},"end":{"line":150,"column":5}},"type":"if","locations":[{"start":{"line":148,"column":4},"end":{"line":150,"column":5}}]},"8":{"loc":{"start":{"line":154,"column":6},"end":{"line":156,"column":96}},"type":"cond-expr","locations":[{"start":{"line":155,"column":10},"end":{"line":155,"column":98}},{"start":{"line":156,"column":10},"end":{"line":156,"column":96}}]},"9":{"loc":{"start":{"line":165,"column":52},"end":{"line":167,"column":10}},"type":"cond-expr","locations":[{"start":{"line":166,"column":8},"end":{"line":166,"column":73}},{"start":{"line":167,"column":8},"end":{"line":167,"column":10}}]},"10":{"loc":{"start":{"line":170,"column":4},"end":{"line":180,"column":5}},"type":"if","locations":[{"start":{"line":170,"column":4},"end":{"line":180,"column":5}}]},"11":{"loc":{"start":{"line":192,"column":4},"end":{"line":194,"column":5}},"type":"if","locations":[{"start":{"line":192,"column":4},"end":{"line":194,"column":5}}]}},"s":{"0":5,"1":5,"2":5,"3":5,"4":5,"5":5,"6":5,"7":5,"8":5,"9":5,"10":5,"11":5,"12":5,"13":5,"14":5,"15":5,"16":5,"17":5,"18":5,"19":15,"20":15,"21":15,"22":15,"23":9,"24":9,"25":2,"26":7,"27":7,"28":7,"29":7,"30":21,"31":60,"32":21,"33":1,"34":1,"35":1,"36":1,"37":1,"38":21,"39":7,"40":21,"41":21,"42":21,"43":21,"44":1,"45":20,"46":6,"47":6,"48":18,"49":36,"50":18,"51":18,"52":18,"53":18,"54":18,"55":6,"56":6,"57":6,"58":6,"59":6,"60":8,"61":8,"62":2,"63":6,"64":6,"65":6,"66":6,"67":6,"68":6,"69":1,"70":1,"71":1,"72":1,"73":1,"74":6,"75":6,"76":6,"77":1,"78":5,"79":5,"80":5,"81":5,"82":5},"f":{"0":15,"1":9,"2":21,"3":60,"4":1,"5":21,"6":18,"7":36,"8":6,"9":8,"10":6,"11":1},"b":{"0":[2],"1":[6,1],"2":[6,1],"3":[1],"4":[1],"5":[1,5],"6":[5,1],"7":[2],"8":[5,1],"9":[4,2],"10":[1],"11":[1]}}
,"/home/runner/work/seoulsync82-backend/seoulsync82-backend/src/course/course.controller.ts": {"path":"/home/runner/work/seoulsync82-backend/seoulsync82-backend/src/course/course.controller.ts","statementMap":{"0":{"start":{"line":1,"column":0},"end":{"line":1,"column":98}},"1":{"start":{"line":2,"column":0},"end":{"line":2,"column":81}},"2":{"start":{"line":3,"column":0},"end":{"line":3,"column":62}},"3":{"start":{"line":4,"column":0},"end":{"line":4,"column":74}},"4":{"start":{"line":5,"column":0},"end":{"line":5,"column":52}},"5":{"start":{"line":6,"column":0},"end":{"line":6,"column":125}},"6":{"start":{"line":7,"column":0},"end":{"line":7,"column":95}},"7":{"start":{"line":8,"column":0},"end":{"line":8,"column":91}},"8":{"start":{"line":9,"column":0},"end":{"line":9,"column":68}},"9":{"start":{"line":11,"column":0},"end":{"line":11,"column":87}},"10":{"start":{"line":12,"column":0},"end":{"line":12,"column":58}},"11":{"start":{"line":13,"column":0},"end":{"line":13,"column":98}},"12":{"start":{"line":14,"column":0},"end":{"line":14,"column":114}},"13":{"start":{"line":15,"column":0},"end":{"line":15,"column":105}},"14":{"start":{"line":16,"column":0},"end":{"line":16,"column":124}},"15":{"start":{"line":17,"column":0},"end":{"line":17,"column":115}},"16":{"start":{"line":18,"column":0},"end":{"line":18,"column":105}},"17":{"start":{"line":19,"column":0},"end":{"line":19,"column":113}},"18":{"start":{"line":20,"column":0},"end":{"line":20,"column":104}},"19":{"start":{"line":21,"column":0},"end":{"line":21,"column":122}},"20":{"start":{"line":22,"column":0},"end":{"line":22,"column":96}},"21":{"start":{"line":23,"column":0},"end":{"line":23,"column":48}},"22":{"start":{"line":27,"column":7},"end":{"line":165,"column":null}},"23":{"start":{"line":29,"column":21},"end":{"line":29,"column":36}},"24":{"start":{"line":30,"column":21},"end":{"line":30,"column":50}},"25":{"start":{"line":53,"column":4},"end":{"line":53,"column":79}},"26":{"start":{"line":75,"column":4},"end":{"line":75,"column":78}},"27":{"start":{"line":93,"column":4},"end":{"line":93
[...]
,"/home/runner/work/seoulsync82-backend/seoulsync82-backend/src/subway/subway.service.ts": {"path":"/home/runner/work/seoulsync82-backend/seoulsync82-backend/src/subway/subway.service.ts","statementMap":{"0":{"start":{"line":1,"column":0},"end":{"line":1,"column":63}},"1":{"start":{"line":2,"column":0},"end":{"line":2,"column":52}},"2":{"start":{"line":3,"column":0},"end":{"line":3,"column":62}},"3":{"start":{"line":4,"column":0},"end":{"line":4,"column":81}},"4":{"start":{"line":5,"column":0},"end":{"line":5,"column":55}},"5":{"start":{"line":6,"column":0},"end":{"line":6,"column":72}},"6":{"start":{"line":8,"column":0},"end":{"line":8,"column":96}},"7":{"start":{"line":9,"column":0},"end":{"line":9,"column":94}},"8":{"start":{"line":10,"column":0},"end":{"line":10,"column":94}},"9":{"start":{"line":11,"column":0},"end":{"line":11,"column":76}},"10":{"start":{"line":13,"column":0},"end":{"line":13,"column":75}},"11":{"start":{"line":14,"column":0},"end":{"line":14,"column":51}},"12":{"start":{"line":17,"column":7},"end":{"line":87,"column":null}},"13":{"start":{"line":19,"column":21},"end":{"line":19,"column":44}},"14":{"start":{"line":20,"column":21},"end":{"line":20,"column":43}},"15":{"start":{"line":29,"column":37},"end":{"line":31,"column":null}},"16":{"start":{"line":34,"column":70},"end":{"line":38,"column":6}},"17":{"start":{"line":41,"column":33},"end":{"line":46,"column":6}},"18":{"start":{"line":42,"column":25},"end":{"line":44,"column":14}},"19":{"start":{"line":43,"column":19},"end":{"line":43,"column":51}},"20":{"start":{"line":45,"column":6},"end":{"line":45,"column":69}},"21":{"start":{"line":49,"column":25},"end":{"line":58,"column":6}},"22":{"start":{"line":60,"column":4},"end":{"line":60,"column":69}},"23":{"start":{"line":64,"column":30},"end":{"line":64,"column":90}},"24":{"start":{"line":65,"column":4},"end":{"line":67,"column":5}},"25":{"start":{"line":66,"column":6},"end":{"line":66,"column":56}},"26":{"start":{"line":69,"column":4},"end":{"line":75,"column":6}},"27":{"start":{"line":72,"column":51},"end":{"line":72,"column":96}},"28":{"start":{"line":79,"column":23},"end":{"line":79,"column":72}},"29":{"start":{"line":81,"column":4},"end":{"line":85,"column":6}},"30":{"start":{"line":83,"column":41},"end":{"line":83,"column":77}},"31":{"start":{"line":17,"column":13},"end":{"line":17,"column":26}},"32":{"start":{"line":17,"column":13},"end":{"line":87,"column":null}}},"fnMap":{"0":{"name":"(anonymous_2)","decl":{"start":{"line":18,"column":2},"end":{"line":18,"column":null}},"loc":{"start":{"line":20,"column":63},"end":{"line":21,"column":6}}},"1":{"name":"(anonymous_3)","decl":{"start":{"line":23,"column":2},"end":{"line":23,"column":7}},"loc":{"start":{"line":26,"column":41},"end":{"line":61,"column":3}}},"2":{"name":"(anonymous_4)","decl":{"start":{"line":41,"column":51},"end":{"line":41,"column":52}},"loc":{"start":{"line":41,"column":62},"end":{"line":46,"column":5}}},"3":{"name":"(anonymous_5)","decl":{"start":{"line":43,"column":8},"end":{"line":43,"column":9}},"loc":{"start":{"line":43,"column":19},"end":{"line":43,"column":51}}},"4":{"name":"(anonymous_6)","decl":{"start":{"line":63,"column":2},"end":{"line":63,"column":7}},"loc":{"start":{"line":63,"column":42},"end":{"line":76,"column":3}}},"5":{"name":"(anonymous_7)","decl":{"start":{"line":72,"column":37},"end":{"line":72,"column":38}},"loc":{"start":{"line":72,"column":51},"end":{"line":72,"column":96}}},"6":{"name":"(anonymous_8)","decl":{"start":{"line":78,"column":2},"end":{"line":78,"column":7}},"loc":{"start":{"line":78,"column":22},"end":{"line":86,"column":3}}},"7":{"name":"(anonymous_9)","decl":{"start":{"line":83,"column":30},"end":{"line":83,"column":31}},"loc":{"start":{"line":83,"column":41},"end":{"line":83,"column":77}}}},"branchMap":{"0":{"loc":{"start":{"line":65,"column":4},"end":{"line":67,"column":5}},"type":"if","locations":[{"start":{"line":65,"column":4},"end":{"line":67,"column":5}}]}},"s":{"0":5,"1":5,"2":5,"3":5,"4":5,"5":5,"6":5,"7":5,"8":5,"9":5,"10":5,"11":5,"12":5,"13":15,"14":15,"15":1,"16":1,"17":1,"18":2,"19":4,"20":2,"21":1,"22":1,"23":2,"24":2,"25":1,"26":1,"27":2,"28":1,"29":1,"30":2,"31":5,"32":5},"f":{"0":15,"1":1,"2":2,"3":4,"4":2,"5":2,"6":1,"7":2},"b":{"0":[1]}}
,"/home/runner/work/seoulsync82-backend/seoulsync82-backend/src/theme/theme.controller.ts": {"path":"/home/runner/work/seoulsync82-backend/seoulsync82-backend/src/theme/theme.controller.ts","statementMap":{"0":{"start":{"line":1,"column":0},"end":{"line":1,"column":61}},"1":{"start":{"line":2,"column":0},"end":{"line":2,"column":56}},"2":{"start":{"line":3,"column":0},"end":{"line":3,"column":102}},"3":{"start":{"line":4,"column":0},"end":{"line":4,"column":91}},"4":{"start":{"line":5,"column":0},"end":{"line":5,"column":55}},"5":{"start":{"line":9,"column":7},"end":{"line":24,"column":null}},"6":{"start":{"line":10,"column":31},"end":{"line":10,"column":45}},"7":{"start":{"line":22,"column":4},"end":{"line":22,"column":41}},"8":{"start":{"line":9,"column":13},"end":{"line":9,"column":28}},"9":{"start":{"line":21,"column":8},"end":{"line":23,"column":null}},"10":{"start":{"line":9,"column":13},"end":{"line":24,"column":null}}},"fnMap":{"0":{"name":"(anonymous_2)","decl":{"start":{"line":10,"column":2},"end":{"line":10,"column":31}},"loc":{"start":{"line":10,"column":57},"end":{"line":10,"column":61}}},"1":{"name":"(anonymous_3)","decl":{"start":{"line":21,"column":2},"end":{"line":21,"column":7}},"loc":{"start":{"line":21,"column":17},"end":{"line":23,"column":3}}}},"branchMap":{},"s":{"0":4,"1":4,"2":4,"3":4,"4":4,"5":4,"6":12,"7":1,"8":4,"9":4,"10":4},"f":{"0":12,"1":1},"b":{}}
,"/home/runner/work/seoulsync82-backend/seoulsync82-backend/src/theme/theme.query.repository.ts": {"path":"/home/runner/work/seoulsync82-backend/seoulsync82-backend/src/theme/theme.query.repository.ts","statementMap":{"0":{"start":{"line":1,"column":0},"end":{"line":1,"column":51}},"1":{"start":{"line":2,"column":0},"end":{"line":2,"column":37}},"2":{"start":{"line":3,"column":0},"end":{"line":3,"column":56}},"3":{"start":{"line":5,"column":0},"end":{"line":26,"column":null}},"4":{"start":{"line":8,"column":12},"end":{"line":8,"column":24}},"5":{"start":{"line":12,"column":4},"end":{"line":12,"column":34}},"6":{"start":{"line":16,"column":4},"end":{"line":18,"column":7}},"7":{"start":{"line":22,"column":4},"end":{"line":24,"column":7}},"8":{"start":{"line":5,"column":13},"end":{"line":5,"column":33}},"9":{"start":{"line":5,"column":13},"end":{"line":26,"column":null}}},"fnMap":{"0":{"name":"(anonymous_4)","decl":{"start":{"line":6,"column":2},"end":{"line":6,"column":null}},"loc":{"start":{"line":8,"column":47},"end":{"line":9,"column":6}}},"1":{"name":"(anonymous_5)","decl":{"start":{"line":11,"column":2},"end":{"line":11,"column":7}},"loc":{"start":{"line":11,"column":16},"end":{"line":13,"column":3}}},"2":{"name":"(anonymous_6)","decl":{"start":{"line":15,"column":2},"end":{"line":15,"column":7}},"loc":{"start":{"line":15,"column":39},"end":{"line":19,"column":3}}},"3":{"name":"(anonymous_7)","decl":{"start":{"line":21,"column":2},"end":{"line":21,"column":7}},"loc":{"start":{"line":21,"column":39},"end":{"line":25,"column":3}}}},"branchMap":{},"s":{"0":9,"1":9,"2":9,"3":9,"4":14,"5":1,"6":1,"7":1,"8":9,"9":9},"f":{"0":14,"1":1,"2":1,"3":1},"b":{}}
,"/home/runner/work/seoulsync82-backend/seoulsync82-backend/src/theme/theme.service.ts": {"path":"/home/runner/work/seoulsync82-backend/seoulsync82-backend/src/theme/theme.service.ts","statementMap":{"0":{"start":{"line":1,"column":0},"end":{"line":1,"column":44}},"1":{"start":{"line":2,"column":0},"end":{"line":2,"column":52}},"2":{"start":{"line":4,"column":0},"end":{"line":4,"column":91}},"3":{"start":{"line":5,"column":0},"end":{"line":5,"column":72}},"4":{"start":{"line":8,"column":7},"end":{"line":20,"column":null}},"5":{"start":{"line":9,"column":31},"end":{"line":9,"column":53}},"6":{"start":{"line":12,"column":37},"end":{"line":12,"column":79}},"7":{"start":{"line":14,"column":39},"end":{"line":16,"column":6}},"8":{"start":{"line":18,"column":4},"end":{"line":18,"column":49}},"9":{"start":{"line":8,"column":13},"end":{"line":8,"column":25}},"10":{"start":{"line":8,"column":13},"end":{"line":20,"column":null}}},"fnMap":{"0":{"name":"(anonymous_2)","decl":{"start":{"line":9,"column":2},"end":{"line":9,"column":31}},"loc":{"start":{"line":9,"column":73},"end":{"line":9,"column":77}}},"1":{"name":"(anonymous_3)","decl":{"start":{"line":11,"column":2},"end":{"line":11,"column":7}},"loc":{"start":{"line":11,"column":17},"end":{"line":19,"column":3}}}},"branchMap":{},"s":{"0":5,"1":5,"2":5,"3":5,"4":5,"5":13,"6":2,"7":2,"8":2,"9":5,"10":5},"f":{"0":13,"1":2},"b":{}}
,"/home/runner/work/seoulsync82-backend/seoulsync82-backend/src/user/user.controller.ts": {"path":"/home/runner/work/seoulsync82-backend/seoulsync82-backend/src/user/user.controller.ts","statementMap":{"0":{"start":{"line":1,"column":0},"end":{"line":1,"column":90}},"1":{"start":{"line":2,"column":0},"end":{"line":2,"column":81}},"2":{"start":{"line":3,"column":0},"end":{"line":3,"column":62}},"3":{"start":{"line":4,"column":0},"end":{"line":4,"column":52}},"4":{"start":{"line":5,"column":0},"end":{"line":5,"column":95}},"5":{"start":{"line":6,"column":0},"end":{"line":6,"column":91}},"6":{"start":{"line":7,"column":0},"end":{"line":7,"column":68}},"7":{"start":{"line":8,"column":0},"end":{"line":8,"column":69}},"8":{"start":{"line":9,"column":0},"end":{"line":9,"column":62}},"9":{"start":{"line":10,"column":0},"end":{"line":10,"column":94}},"10":{"start":{"line":11,"column":0},"end":{"line":11,"column":90}},"11":{"start":{"line":12,"column":0},"end":{"line":12,"column":99}},"12":{"start":{"line":13,"column":0},"end":{"line":13,"column":48}},"13":{"start":{"line":14,"column":0},"end":{"line":14,"column":52}},"14":{"start":{"line":18,"column":7},"end":{"line":76,"column":null}},"15":{"start":{"line":19,"column":31},"end":{"line":19,"column":44}},"16":{"start":{"line":36,"column":4},"end":{"line":36,"column":53}},"17":{"start":{"line":55,"column":4},"end":{"line":55,"column":49}},"18":{"start":{"line":74,"column":4},"end":{"line":74,"column":45}},"19":{"start":{"line":18,"column":13},"end":{"line":18,"column":27}},"20":{"start":{"line":32,"column":8},"end":{"line":37,"column":null}},"21":{"start":{"line":54,"column":8},"end":{"line":56,"column":null}},"22":{"start":{"line":73,"column":8},"end":{"line":75,"column":null}},"23":{"start":{"line":18,"column":13},"end":{"line":76,"column":null}}},"fnMap":{"0":{"name":"(anonymous_4)","decl":{"start":{"line":19,"column":2},"end":{"line":19,"column":31}},"loc":{"start":{"line":19,"column":55},"end":{"line":19,"column":59}}},"1":{"name":"(anonymous_5)","decl":{"start":{"line":32,"column":2},"end":{"line":32,"column":7}},"loc":{"start":{"line":34,"column":32},"end":{"line":37,"column":3}}},"2":{"name":"(anonymous_6)","decl":{"start":{"line":54,"column":2},"end":{"line":54,"column":7}},"loc":{"start":{"line":54,"column":50},"end":{"line":56,"column":3}}},"3":{"name":"(anonymous_7)","decl":{"start":{"line":73,"column":2},"end":{"line":73,"column":7}},"loc":{"start":{"line":73,"column":47},"end":{"line":75,"column":3}}}},"branchMap":{},"s":{"0":4,"1":4,"2":4,"3":4,"4":4,"5":4,"6":4,"7":4,"8":4,"9":4,"10":4,"11":4,"12":4,"13":4,"14":4,"15":15,"16":1,"17":1,"18":3,"19":4,"20":4,"21":4,"22":4,"23":4},"f":{"0":15,"1":1,"2":1,"3":3},"b":{}}
,"/home/runner/work/seoulsync82-backend/seoulsync82-backend/src/user/user.query.repository.ts": {"path":"/home/runner/work/seoulsync82-backend/seoulsync82-backend/src/user/user.query.repository.ts","statementMap":{"0":{"start":{"line":1,"column":0},"end":{"line":1,"column":51}},"1":{"start":{"line":3,"column":0},"end":{"line":3,"column":54}},"2":{"start":{"line":6,"column":0},"end":{"line":6,"column":55}},"3":{"start":{"line":8,"column":0},"end":{"line":65,"column":null}},"4":{"start":{"line":11,"column":12},"end":{"line":11,"column":24}},"5":{"start":{"line":15,"column":4},"end":{"line":17,"column":7}},"6":{"start":{"line":21,"column":18},"end":{"line":23,"column":null}},"7":{"start":{"line":26,"column":4},"end":{"line":32,"column":7}},"8":{"start":{"line":36,"column":4},"end":{"line":36,"column":44}},"9":{"start":{"line":40,"column":4},"end":{"line":42,"column":7}},"10":{"start":{"line":46,"column":4},"end":{"line":48,"column":7}},"11":{"start":{"line":52,"column":66},"end":{"line":52,"column":68}},"12":{"start":{"line":54,"column":4},"end":{"line":54,"column":47}},"13":{"start":{"line":54,"column":18},"end":{"line":54,"column":47}},"14":{"start":{"line":55,"column":4},"end":{"line":55,"column":74}},"15":{"start":{"line":55,"column":27},"end":{"line":55,"column":74}},"16":{"start":{"line":57,"column":4},"end":{"line":57,"column":65}},"17":{"start":{"line":61,"column":4},"end":{"line":63,"column":7}},"18":{"start":{"line":8,"column":13},"end":{"line":8,"column":32}},"19":{"start":{"line":8,"column":13},"end":{"line":65,"column":null}}},"fnMap":{"0":{"name":"(anonymous_4)","decl":{"start":{"line":9,"column":2},"end":{"line":9,"column":null}},"loc":{"start":{"line":11,"column":46},"end":{"line":12,"column":6}}},"1":{"name":"(anonymous_5)","decl":{"start":{"line":14,"column":2},"end":{"line":14,"column":7}},"loc":{"start":{"line":14,"column":33},"end":{"line":18,"column":3}}},"2":{"name":"(anonymous_6)","decl":{"start":{"line":20,"column":2},"end":{"line":20,"column":7}},"loc":{"start":{"line":20,"column":49},"end":{"line":33,"column":3}}},"3":{"name":"(anonymous_7)","decl":{"start":{"line":35,"column":2},"end":{"line":35,"column":7}},"loc":{"start":{"line":35,"column":35},"end":{"line":37,"column":3}}},"4":{"name":"(anonymous_8)","decl":{"start":{"line":39,"column":2},"end":{"line":39,"column":7}},"loc":{"start":{"line":39,"column":25},"end":{"line":43,"column":3}}},"5":{"name":"(anonymous_9)","decl":{"start":{"line":45,"column":2},"end":{"line":45,"column":7}},"loc":{"start":{"line":45,"column":28},"end":{"line":49,"column":3}}},"6":{"name":"(anonymous_10)","decl":{"start":{"line":51,"column":2},"end":{"line":51,"column":7}},"loc":{"start":{"line":51,"column":72},"end":{"line":58,"column":3}}},"7":{"name":"(anonymous_11)","decl":{"start":{"line":60,"column":2},"end":{"line":60,"column":7}},"loc":{"start":{"line":60,"column":36},"end":{"line":64,"column":3}}}},"branchMap":{"0":{"loc":{"start":{"line":23,"column":13},"end":{"line":23,"column":54}},"type":"cond-expr","locations":[{"start":{"line":23,"column":37},"end":{"line":23,"column":47}},{"start":{"line":23,"column":50},"end":{"line":23,"column":54}}]},"1":{"loc":{"start":{"line":54,"column":4},"end":{"line":54,"column":47}},"type":"if","locations":[{"start":{"line":54,"column":4},"end":{"line":54,"column":47}}]},"2":{"loc":{"start":{"line":55,"column":4},"end":{"line":55,"column":74}},"type":"if","locations":[{"start":{"line":55,"column":4},"end":{"line":55,"column":74}}]}},"s":{"0":18,"1":18,"2":18,"3":18,"4":20,"5":1,"6":2,"7":2,"8":1,"9":1,"10":1,"11":2,"12":2,"13":2,"14":2,"15":1,"16":2,"17":2,"18":18,"19":18},"f":{"0":20,"1":1,"2":2,"3":1,"4":1,"5":1,"6":2,"7":2},"b":{"0":[1,1],"1":[2],"2":[1]}}
,"/home/runner/work/seoulsync82-backend/seoulsync82-backend/src/user/user.service.ts": {"path":"/home/runner/work/seoulsync82-backend/seoulsync82-backend/src/user/user.service.ts","statementMap":{"0":{"start":{"line":1,"column":0},"end":{"line":1,"column":63}},"1":{"start":{"line":2,"column":0},"end":{"line":2,"column":52}},"2":{"start":{"line":3,"column":0},"end":{"line":3,"column":42}},"3":{"start":{"line":4,"column":0},"end":{"line":4,"column":52}},"4":{"start":{"line":6,"column":0},"end":{"line":6,"column":71}},"5":{"start":{"line":7,"column":0},"end":{"line":7,"column":58}},"6":{"start":{"line":8,"column":0},"end":{"line":8,"column":94}},"7":{"start":{"line":9,"column":0},"end":{"line":9,"column":90}},"8":{"start":{"line":12,"column":0},"end":{"line":12,"column":69}},"9":{"start":{"line":15,"column":7},"end":{"line":60,"column":null}},"10":{"start":{"line":17,"column":21},"end":{"line":17,"column":42}},"11":{"start":{"line":18,"column":21},"end":{"line":18,"column":36}},"12":{"start":{"line":22,"column":17},"end":{"line":22,"column":61}},"13":{"start":{"line":23,"column":20},"end":{"line":28,"column":6}},"14":{"start":{"line":30,"column":4},"end":{"line":37,"column":6}},"15":{"start":{"line":44,"column":4},"end":{"line":46,"column":5}},"16":{"start":{"line":45,"column":6},"end":{"line":45,"column":62}},"17":{"start":{"line":47,"column":4},"end":{"line":47,"column":31}},"18":{"start":{"line":51,"column":24},"end":{"line":51,"column":73}},"19":{"start":{"line":52,"column":4},"end":{"line":54,"column":5}},"20":{"start":{"line":53,"column":6},"end":{"line":53,"column":56}},"21":{"start":{"line":56,"column":4},"end":{"line":58,"column":7}},"22":{"start":{"line":15,"column":13},"end":{"line":15,"column":24}},"23":{"start":{"line":15,"column":13},"end":{"line":60,"column":null}}},"fnMap":{"0":{"name":"(anonymous_2)","decl":{"start":{"line":16,"column":2},"end":{"line":16,"column":null}},"loc":{"start":{"line":18,"column":49},"end":{"line":19,"column":6}}},"1":{"name":"(anonymous_3)","decl":{"start":{"line":21,"column":2},"end":{"line":21,"column":7}},"loc":{"start":{"line":21,"column":35},"end":{"line":38,"column":3}}},"2":{"name":"(anonymous_4)","decl":{"start":{"line":40,"column":2},"end":{"line":40,"column":7}},"loc":{"start":{"line":42,"column":17},"end":{"line":48,"column":3}}},"3":{"name":"(anonymous_5)","decl":{"start":{"line":50,"column":2},"end":{"line":50,"column":7}},"loc":{"start":{"line":50,"column":32},"end":{"line":59,"column":3}}}},"branchMap":{"0":{"loc":{"start":{"line":44,"column":4},"end":{"line":46,"column":5}},"type":"if","locations":[{"start":{"line":44,"column":4},"end":{"line":46,"column":5}}]},"1":{"loc":{"start":{"line":44,"column":8},"end":{"line":44,"column":37}},"type":"binary-expr","locations":[{"start":{"line":44,"column":8},"end":{"line":44,"column":16}},{"start":{"line":44,"column":20},"end":{"line":44,"column":37}}]},"2":{"loc":{"start":{"line":52,"column":4},"end":{"line":54,"column":5}},"type":"if","locations":[{"start":{"line":52,"column":4},"end":{"line":54,"column":5}}]}},"s":{"0":5,"1":5,"2":5,"3":5,"4":5,"5":5,"6":5,"7":5,"8":5,"9":5,"10":16,"11":16,"12":1,"13":1,"14":1,"15":2,"16":1,"17":2,"18":3,"19":3,"20":2,"21":1,"22":5,"23":5},"f":{"0":16,"1":1,"2":2,"3":3},"b":{"0":[1],"1":[2,1],"2":[2]}}
}
