TN:
SF:src/auth/auth.controller.ts
FN:33,(anonymous_4)
FN:39,(anonymous_5)
FN:61,(anonymous_6)
FN:73,(anonymous_7)
FN:83,(anonymous_8)
FN:95,(anonymous_9)
FN:105,(anonymous_10)
FN:117,(anonymous_11)
FN:134,(anonymous_12)
FN:156,(anonymous_13)
FNF:10
FNH:10
FNDA:12,(anonymous_4)
FNDA:7,(anonymous_5)
FNDA:1,(anonymous_6)
FNDA:3,(anonymous_7)
FNDA:1,(anonymous_8)
FNDA:2,(anonymous_9)
FNDA:1,(anonymous_10)
FNDA:2,(anonymous_11)
FNDA:1,(anonymous_12)
FNDA:1,(anonymous_13)
DA:1,1
DA:11,1
DA:12,1
DA:13,1
DA:15,1
DA:16,1
DA:18,1
DA:19,1
DA:21,1
DA:22,1
DA:23,1
DA:24,1
DA:25,1
DA:26,1
DA:27,1
DA:32,1
DA:34,12
DA:35,12
DA:40,7
DA:41,7
DA:42,4
DA:44,4
DA:45,4
DA:47,3
DA:51,3
DA:61,1
DA:73,1
DA:74,3
DA:83,1
DA:95,1
DA:96,2
DA:105,1
DA:117,1
DA:118,2
DA:134,1
DA:138,1
DA:156,1
DA:160,1
LF:38
LH:38
BRDA:42,0,0,4
BRDA:42,0,1,1
BRF:2
BRH:2
end_of_record
TN:
SF:src/auth/auth.service.ts
FN:23,(anonymous_2)
FN:28,(anonymous_3)
FN:46,(anonymous_4)
FN:91,(anonymous_5)
FN:109,(anonymous_6)
FNF:5
FNH:5
FNDA:11,(anonymous_2)
FNDA:2,(anonymous_3)
FNDA:4,(anonymous_4)
FNDA:3,(anonymous_5)
FNDA:2,(anonymous_6)
DA:1,2
DA:2,2
DA:3,2
DA:9,2
DA:10,2
DA:11,2
DA:16,2
DA:17,2
DA:19,2
DA:22,2
DA:24,11
DA:25,11
DA:33,2
DA:34,2
DA:35,2
DA:36,2
DA:38,1
DA:42,1
DA:47,4
DA:48,4
DA:49,4
DA:50,1
DA:53,3
DA:58,3
DA:59,3
DA:60,1
DA:61,1
DA:65,2
DA:66,2
DA:67,1
DA:70,1
DA:76,1
DA:78,1
DA:83,3
DA:87,3
DA:92,3
DA:93,3
DA:95,2
DA:96,1
DA:97,1
DA:98,1
DA:99,1
DA:101,2
DA:105,2
DA:110,2
DA:111,2
DA:112,1
DA:113,1
DA:116,2
DA:123,2
DA:124,2
DA:126,2
DA:127,2
DA:129,2
DA:131,2
LF:55
LH:55
BRDA:49,0,0,1
BRDA:59,1,0,1
BRDA:66,2,0,1
BRDA:93,3,0,1
BRDA:111,4,0,1
BRF:5
BRH:5
end_of_record
TN:
SF:src/bookmark/bookmark.controller.ts
FN:22,(anonymous_4)
FN:33,(anonymous_5)
FN:60,(anonymous_6)
FN:87,(anonymous_7)
FN:113,(anonymous_8)
FNF:5
FNH:5
FNDA:15,(anonymous_4)
FNDA:1,(anonymous_5)
FNDA:1,(anonymous_6)
FNDA:1,(anonymous_7)
FNDA:1,(anonymous_8)
DA:1,4
DA:2,4
DA:3,4
DA:4,4
DA:5,4
DA:6,4
DA:7,4
DA:8,4
DA:9,4
DA:10,4
DA:11,4
DA:12,4
DA:14,4
DA:15,4
DA:21,4
DA:22,15
DA:33,4
DA:37,1
DA:60,4
DA:61,1
DA:87,4
DA:91,1
DA:113,4
DA:117,1
LF:24
LH:24
BRF:0
BRH:0
end_of_record
TN:
SF:src/bookmark/bookmark.query.repository.ts
FN:8,(anonymous_4)
FN:13,(anonymous_5)
FN:28,(anonymous_6)
FN:34,(anonymous_7)
FN:40,(anonymous_8)
FN:46,(anonymous_9)
FN:50,(anonymous_10)
FN:54,(anonymous_11)
FN:58,(anonymous_12)
FNF:9
FNH:9
FNDA:20,(anonymous_4)
FNDA:2,(anonymous_5)
FNDA:1,(anonymous_6)
FNDA:1,(anonymous_7)
FNDA:1,(anonymous_8)
FNDA:1,(anonymous_9)
FNDA:1,(anonymous_10)
FNDA:1,(anonymous_11)
FNDA:3,(anonymous_12)
DA:1,10
DA:3,10
DA:5,10
DA:7,10
DA:10,20
DA:14,2
DA:20,2
DA:29,1
DA:35,1
DA:41,1
DA:47,1
DA:51,1
DA:55,1
DA:59,3
LF:14
LH:14
BRDA:17,0,0,1
BRDA:17,0,1,1
BRF:2
BRH:2
end_of_record
TN:
SF:src/bookmark/bookmark.service.ts
FN:21,(anonymous_2)
FN:28,(anonymous_3)
FN:38,(anonymous_4)
FN:39,(anonymous_5)
FN:47,(anonymous_6)
FN:48,(anonymous_7)
FN:52,(anonymous_8)
FN:63,(anonymous_9)
FN:79,(anonymous_10)
FN:91,(anonymous_11)
FN:119,(anonymous_12)
FNF:11
FNH:11
FNDA:25,(anonymous_2)
FNDA:5,(anonymous_3)
FNDA:5,(anonymous_4)
FNDA:5,(anonymous_5)
FNDA:5,(anonymous_6)
FNDA:1,(anonymous_7)
FNDA:5,(anonymous_8)
FNDA:3,(anonymous_9)
FNDA:2,(anonymous_10)
FNDA:4,(anonymous_11)
FNDA:2,(anonymous_12)
DA:1,5
DA:2,5
DA:3,5
DA:4,5
DA:6,5
DA:7,5
DA:8,5
DA:11,5
DA:12,5
DA:13,5
DA:14,5
DA:15,5
DA:17,5
DA:20,5
DA:22,25
DA:23,25
DA:24,25
DA:25,25
DA:32,5
DA:33,5
DA:34,1
DA:37,4
DA:38,5
DA:39,5
DA:42,4
DA:44,4
DA:48,5
DA:49,5
DA:52,5
DA:64,3
DA:65,3
DA:66,1
DA:69,2
DA:71,2
DA:79,2
DA:92,4
DA:93,4
DA:94,1
DA:97,3
DA:98,3
DA:99,3
DA:100,3
DA:101,3
DA:102,3
DA:103,3
DA:104,3
DA:105,3
DA:107,3
DA:108,3
DA:109,1
DA:112,2
DA:116,2
DA:120,2
DA:121,2
DA:122,1
DA:125,1
DA:127,1
LF:57
LH:57
BRDA:33,0,0,1
BRDA:37,1,0,3
BRDA:42,2,0,1
BRDA:42,2,1,3
BRDA:52,3,0,4
BRDA:52,3,1,1
BRDA:52,4,0,5
BRDA:52,4,1,5
BRDA:52,5,0,1
BRDA:52,5,1,4
BRDA:52,6,0,5
BRDA:52,6,1,5
BRDA:54,7,0,1
BRDA:54,7,1,4
BRDA:54,8,0,5
BRDA:54,8,1,5
BRDA:54,9,0,4
BRDA:54,9,1,1
BRDA:54,10,0,5
BRDA:54,10,1,5
BRDA:55,11,0,1
BRDA:55,11,1,4
BRDA:55,12,0,5
BRDA:55,12,1,5
BRDA:55,13,0,4
BRDA:55,13,1,1
BRDA:55,14,0,5
BRDA:55,14,1,5
BRDA:56,15,0,1
BRDA:56,15,1,4
BRDA:56,16,0,5
BRDA:56,16,1,5
BRDA:56,17,0,4
BRDA:56,17,1,1
BRDA:56,18,0,5
BRDA:56,18,1,5
BRDA:65,19,0,1
BRDA:93,20,0,1
BRDA:108,21,0,1
BRDA:108,22,0,3
BRDA:108,22,1,2
BRDA:112,23,0,1
BRDA:112,23,1,1
BRDA:121,24,0,1
BRF:44
BRH:44
end_of_record
TN:
SF:src/comment/comment.controller.ts
FN:36,(anonymous_4)
FN:57,(anonymous_5)
FN:85,(anonymous_6)
FN:115,(anonymous_7)
FN:142,(anonymous_8)
FNF:5
FNH:5
FNDA:15,(anonymous_4)
FNDA:1,(anonymous_5)
FNDA:1,(anonymous_6)
FNDA:1,(anonymous_7)
FNDA:1,(anonymous_8)
DA:1,4
DA:15,4
DA:16,4
DA:17,4
DA:18,4
DA:19,4
DA:20,4
DA:21,4
DA:22,4
DA:23,4
DA:24,4
DA:25,4
DA:26,4
DA:27,4
DA:28,4
DA:29,4
DA:35,4
DA:36,15
DA:57,4
DA:62,1
DA:85,4
DA:91,1
DA:92,1
DA:93,1
DA:115,4
DA:120,1
DA:142,4
DA:146,1
LF:28
LH:28
BRF:0
BRH:0
end_of_record
TN:
SF:src/comment/comment.query.repository.ts
FN:8,(anonymous_4)
FN:13,(anonymous_5)
FN:17,(anonymous_6)
FN:23,(anonymous_7)
FN:37,(anonymous_8)
FNF:5
FNH:5
FNDA:16,(anonymous_4)
FNDA:1,(anonymous_5)
FNDA:1,(anonymous_6)
FNDA:2,(anonymous_7)
FNDA:1,(anonymous_8)
DA:1,8
DA:3,8
DA:5,8
DA:7,8
DA:10,16
DA:14,1
DA:18,1
DA:24,2
DA:30,2
DA:38,1
LF:10
LH:10
BRDA:27,0,0,1
BRDA:27,0,1,1
BRF:2
BRH:2
end_of_record
TN:
SF:src/comment/comment.service.ts
FN:23,(anonymous_2)
FN:29,(anonymous_3)
FN:42,(anonymous_4)
FN:53,(anonymous_5)
FN:55,(anonymous_6)
FN:57,(anonymous_7)
FN:66,(anonymous_8)
FN:100,(anonymous_9)
FN:116,(anonymous_10)
FNF:9
FNH:9
FNDA:22,(anonymous_2)
FNDA:3,(anonymous_3)
FNDA:3,(anonymous_4)
FNDA:2,(anonymous_5)
FNDA:3,(anonymous_6)
FNDA:7,(anonymous_7)
FNDA:2,(anonymous_8)
FNDA:3,(anonymous_9)
FNDA:3,(anonymous_10)
DA:1,5
DA:2,5
DA:3,5
DA:5,5
DA:10,5
DA:11,5
DA:12,5
DA:13,5
DA:18,5
DA:19,5
DA:22,5
DA:24,22
DA:25,22
DA:26,22
DA:34,3
DA:35,3
DA:36,1
DA:39,2
DA:41,2
DA:42,3
DA:45,2
DA:47,2
DA:53,2
DA:55,3
DA:57,7
DA:71,2
DA:72,2
DA:73,1
DA:76,1
DA:77,1
DA:78,1
DA:79,1
DA:80,1
DA:81,1
DA:82,1
DA:83,1
DA:85,1
DA:94,1
DA:105,3
DA:106,3
DA:107,2
DA:110,1
DA:112,1
DA:113,1
DA:117,3
DA:118,3
DA:119,2
DA:122,1
DA:124,1
DA:125,1
LF:50
LH:50
BRDA:35,0,0,1
BRDA:60,1,0,1
BRDA:60,1,1,1
BRDA:72,2,0,1
BRDA:106,3,0,2
BRDA:106,4,0,3
BRDA:106,4,1,2
BRDA:118,5,0,2
BRDA:118,6,0,3
BRDA:118,6,1,2
BRF:10
BRH:10
end_of_record
TN:
SF:src/community/community.controller.ts
FN:39,(anonymous_4)
FN:66,(anonymous_5)
FN:85,(anonymous_6)
FN:103,(anonymous_7)
FN:131,(anonymous_8)
FN:156,(anonymous_9)
FN:185,(anonymous_10)
FN:205,(anonymous_11)
FNF:8
FNH:8
FNDA:18,(anonymous_4)
FNDA:1,(anonymous_5)
FNDA:1,(anonymous_6)
FNDA:1,(anonymous_7)
FNDA:1,(anonymous_8)
FNDA:1,(anonymous_9)
FNDA:1,(anonymous_10)
FNDA:1,(anonymous_11)
DA:1,4
DA:13,4
DA:14,4
DA:15,4
DA:16,4
DA:17,4
DA:18,4
DA:19,4
DA:20,4
DA:23,4
DA:24,4
DA:25,4
DA:26,4
DA:27,4
DA:28,4
DA:29,4
DA:30,4
DA:31,4
DA:32,4
DA:33,4
DA:34,4
DA:38,4
DA:39,18
DA:66,4
DA:71,1
DA:85,4
DA:89,1
DA:103,4
DA:107,1
DA:131,4
DA:132,1
DA:156,4
DA:161,1
DA:185,4
DA:189,1
DA:205,4
DA:208,1
LF:37
LH:37
BRF:0
BRH:0
end_of_record
TN:
SF:src/community/community.query.repository.ts
FN:9,(anonymous_4)
FN:14,(anonymous_5)
FN:18,(anonymous_6)
FN:24,(anonymous_7)
FN:31,(anonymous_8)
FN:37,(anonymous_9)
FN:49,(anonymous_10)
FN:86,(anonymous_11)
FN:102,(anonymous_12)
FN:116,(anonymous_13)
FN:124,(anonymous_14)
FNF:11
FNH:11
FNDA:22,(anonymous_4)
FNDA:1,(anonymous_5)
FNDA:1,(anonymous_6)
FNDA:1,(anonymous_7)
FNDA:3,(anonymous_8)
FNDA:2,(anonymous_9)
FNDA:3,(anonymous_10)
FNDA:5,(anonymous_11)
FNDA:3,(anonymous_12)
FNDA:2,(anonymous_13)
FNDA:1,(anonymous_14)
DA:1,14
DA:2,14
DA:4,14
DA:6,14
DA:8,14
DA:11,22
DA:15,1
DA:19,1
DA:25,1
DA:32,3
DA:38,2
DA:42,2
DA:43,1
DA:46,2
DA:53,3
DA:56,3
DA:57,3
DA:60,3
DA:65,3
DA:66,1
DA:70,3
DA:71,1
DA:75,3
DA:76,2
DA:78,1
DA:82,3
DA:85,3
DA:86,5
DA:93,3
DA:94,3
DA:95,3
DA:99,3
DA:103,3
DA:116,3
DA:125,1
LF:35
LH:35
BRDA:42,0,0,1
BRDA:65,1,0,1
BRDA:70,2,0,1
BRDA:75,3,0,2
BRDA:75,3,1,1
BRDA:94,4,0,1
BRDA:94,4,1,2
BRDA:95,5,0,1
BRDA:95,5,1,2
BRF:9
BRH:9
end_of_record
TN:
SF:src/community/community.service.ts
FN:31,(anonymous_2)
FN:40,(anonymous_3)
FN:69,(anonymous_4)
FN:86,(anonymous_5)
FN:88,(anonymous_6)
FN:94,(anonymous_7)
FN:110,(anonymous_8)
FN:111,(anonymous_9)
FN:117,(anonymous_10)
FN:118,(anonymous_11)
FN:119,(anonymous_12)
FN:135,(anonymous_13)
FN:158,(anonymous_14)
FN:166,(anonymous_15)
FN:169,(anonymous_16)
FN:179,(anonymous_17)
FN:196,(anonymous_18)
FN:208,(anonymous_19)
FNF:18
FNH:18
FNDA:30,(anonymous_2)
FNDA:3,(anonymous_3)
FNDA:3,(anonymous_4)
FNDA:4,(anonymous_5)
FNDA:4,(anonymous_6)
FNDA:2,(anonymous_7)
FNDA:2,(anonymous_8)
FNDA:2,(anonymous_9)
FNDA:2,(anonymous_10)
FNDA:3,(anonymous_11)
FNDA:3,(anonymous_12)
FNDA:3,(anonymous_13)
FNDA:1,(anonymous_14)
FNDA:1,(anonymous_15)
FNDA:1,(anonymous_16)
FNDA:3,(anonymous_17)
FNDA:3,(anonymous_18)
FNDA:2,(anonymous_19)
DA:1,5
DA:2,5
DA:3,5
DA:4,5
DA:5,5
DA:6,5
DA:10,5
DA:11,5
DA:12,5
DA:13,5
DA:14,5
DA:16,5
DA:18,5
DA:21,5
DA:22,5
DA:23,5
DA:25,5
DA:27,5
DA:30,5
DA:32,30
DA:33,30
DA:34,30
DA:35,30
DA:36,30
DA:37,30
DA:45,3
DA:46,3
DA:47,1
DA:50,2
DA:51,2
DA:52,1
DA:55,1
DA:56,1
DA:57,1
DA:58,1
DA:59,1
DA:60,1
DA:61,1
DA:62,1
DA:64,1
DA:66,1
DA:73,3
DA:74,3
DA:75,1
DA:78,2
DA:81,2
DA:83,2
DA:86,4
DA:88,4
DA:98,2
DA:103,2
DA:104,1
DA:107,1
DA:109,1
DA:110,2
DA:111,2
DA:114,1
DA:118,3
DA:119,3
DA:120,2
DA:136,3
DA:137,3
DA:138,1
DA:141,2
DA:150,2
DA:158,1
DA:166,1
DA:169,1
DA:184,3
DA:185,3
DA:186,2
DA:189,1
DA:190,1
DA:191,1
DA:193,1
DA:197,3
DA:198,3
DA:199,2
DA:202,1
DA:203,1
DA:205,1
DA:209,2
DA:211,2
LF:83
LH:83
BRDA:46,0,0,1
BRDA:51,1,0,1
BRDA:74,2,0,1
BRDA:81,3,0,1
BRDA:81,3,1,1
BRDA:103,4,0,1
BRDA:137,5,0,1
BRDA:159,6,0,2
BRDA:159,6,1,1
BRDA:185,7,0,2
BRDA:185,8,0,3
BRDA:185,8,1,2
BRDA:198,9,0,2
BRDA:198,10,0,3
BRDA:198,10,1,2
BRF:15
BRH:15
end_of_record
TN:
SF:src/course/course-recommendation.service.ts
FN:28,(anonymous_2)
FN:35,(anonymous_3)
FN:63,(anonymous_4)
FN:64,(anonymous_5)
FN:75,(anonymous_6)
FN:83,(anonymous_7)
FN:104,(anonymous_8)
FN:105,(anonymous_9)
FN:131,(anonymous_10)
FN:142,(anonymous_11)
FN:161,(anonymous_12)
FN:179,(anonymous_13)
FNF:12
FNH:12
FNDA:15,(anonymous_2)
FNDA:9,(anonymous_3)
FNDA:21,(anonymous_4)
FNDA:60,(anonymous_5)
FNDA:1,(anonymous_6)
FNDA:21,(anonymous_7)
FNDA:18,(anonymous_8)
FNDA:36,(anonymous_9)
FNDA:6,(anonymous_10)
FNDA:8,(anonymous_11)
FNDA:6,(anonymous_12)
FNDA:1,(anonymous_13)
DA:1,5
DA:2,5
DA:3,5
DA:4,5
DA:5,5
DA:6,5
DA:7,5
DA:8,5
DA:9,5
DA:10,5
DA:11,5
DA:13,5
DA:15,5
DA:16,5
DA:17,5
DA:21,5
DA:22,5
DA:23,5
DA:27,5
DA:29,15
DA:30,15
DA:31,15
DA:32,15
DA:40,9
DA:43,9
DA:44,2
DA:48,7
DA:54,7
DA:58,7
DA:63,7
DA:64,60
DA:67,21
DA:68,1
DA:69,1
DA:71,1
DA:75,1
DA:77,21
DA:81,7
DA:84,21
DA:85,21
DA:90,21
DA:94,21
DA:95,1
DA:97,20
DA:103,6
DA:104,6
DA:105,36
DA:106,18
DA:109,18
DA:110,18
DA:111,18
DA:112,18
DA:116,6
DA:117,6
DA:124,6
DA:131,6
DA:139,6
DA:147,8
DA:148,8
DA:149,2
DA:154,6
DA:159,6
DA:160,6
DA:161,6
DA:165,6
DA:170,6
DA:171,1
DA:172,1
DA:174,1
DA:179,1
DA:183,6
DA:188,6
DA:192,6
DA:193,1
DA:195,5
DA:198,5
DA:209,5
LF:77
LH:77
BRDA:43,0,0,2
BRDA:54,1,0,6
BRDA:54,1,1,1
BRDA:58,2,0,6
BRDA:58,2,1,1
BRDA:67,3,0,1
BRDA:94,4,0,1
BRDA:117,5,0,1
BRDA:117,5,1,5
BRDA:135,6,0,5
BRDA:135,6,1,1
BRDA:148,7,0,2
BRDA:154,8,0,5
BRDA:154,8,1,1
BRDA:165,9,0,4
BRDA:165,9,1,2
BRDA:170,10,0,1
BRDA:192,11,0,1
BRF:18
BRH:18
end_of_record
TN:
SF:src/course/course.controller.ts
FN:28,(anonymous_4)
FN:49,(anonymous_5)
FN:71,(anonymous_6)
FN:89,(anonymous_7)
FN:107,(anonymous_8)
FN:135,(anonymous_9)
FN:162,(anonymous_10)
FNF:7
FNH:7
FNDA:17,(anonymous_4)
FNDA:2,(anonymous_5)
FNDA:2,(anonymous_6)
FNDA:3,(anonymous_7)
FNDA:2,(anonymous_8)
FNDA:3,(anonymous_9)
FNDA:3,(anonymous_10)
DA:1,4
DA:2,4
DA:3,4
DA:4,4
DA:5,4
DA:6,4
DA:7,4
DA:8,4
DA:9,4
DA:11,4
DA:12,4
DA:13,4
DA:14,4
DA:15,4
DA:16,4
DA:17,4
DA:18,4
DA:19,4
DA:20,4
DA:21,4
DA:22,4
DA:23,4
DA:27,4
DA:29,17
DA:30,17
DA:49,4
DA:53,2
DA:71,4
DA:75,2
DA:89,4
DA:93,3
DA:107,4
DA:111,2
DA:135,4
DA:139,3
DA:162,4
DA:163,3
LF:37
LH:37
BRF:0
BRH:0
end_of_record
TN:
SF:src/course/course.query.repository.ts
FN:9,(anonymous_4)
FN:16,(anonymous_5)
FN:20,(anonymous_6)
FN:24,(anonymous_7)
FN:37,(anonymous_8)
FN:43,(anonymous_9)
FN:52,(anonymous_10)
FN:58,(anonymous_11)
FN:64,(anonymous_12)
FNF:9
FNH:9
FNDA:20,(anonymous_4)
FNDA:1,(anonymous_5)
FNDA:1,(anonymous_6)
FNDA:2,(anonymous_7)
FNDA:5,(anonymous_8)
FNDA:7,(anonymous_9)
FNDA:1,(anonymous_10)
FNDA:9,(anonymous_11)
FNDA:4,(anonymous_12)
DA:1,11
DA:3,11
DA:4,11
DA:6,11
DA:8,11
DA:11,20
DA:13,20
DA:17,1
DA:21,1
DA:25,2
DA:26,2
DA:28,2
DA:38,5
DA:44,7
DA:53,1
DA:59,9
DA:68,4
DA:73,4
LF:18
LH:18
BRDA:70,0,0,1
BRDA:70,0,1,3
BRF:2
BRH:2
end_of_record
TN:
SF:src/course/course.service.ts
FN:32,(anonymous_2)
FN:42,(anonymous_3)
FN:68,(anonymous_4)
FN:89,(anonymous_5)
FN:93,(anonymous_6)
FN:115,(anonymous_7)
FN:139,(anonymous_8)
FN:160,(anonymous_9)
FN:178,(anonymous_10)
FN:188,(anonymous_11)
FN:189,(anonymous_12)
FN:197,(anonymous_13)
FN:198,(anonymous_14)
FN:202,(anonymous_15)
FN:213,(anonymous_16)
FN:226,(anonymous_17)
FNF:16
FNH:16
FNDA:27,(anonymous_2)
FNDA:9,(anonymous_3)
FNDA:5,(anonymous_4)
FNDA:10,(anonymous_5)
FNDA:8,(anonymous_6)
FNDA:8,(anonymous_7)
FNDA:2,(anonymous_8)
FNDA:5,(anonymous_9)
FNDA:7,(anonymous_10)
FNDA:14,(anonymous_11)
FNDA:14,(anonymous_12)
FNDA:14,(anonymous_13)
FNDA:1,(anonymous_14)
FNDA:9,(anonymous_15)
FNDA:6,(anonymous_16)
FNDA:3,(anonymous_17)
DA:1,5
DA:2,5
DA:3,5
DA:4,5
DA:5,5
DA:7,5
DA:8,5
DA:9,5
DA:10,5
DA:11,5
DA:12,5
DA:13,5
DA:15,5
DA:16,5
DA:18,5
DA:20,5
DA:21,5
DA:22,5
DA:23,5
DA:24,5
DA:25,5
DA:27,5
DA:28,5
DA:31,5
DA:33,27
DA:34,27
DA:35,27
DA:36,27
DA:37,27
DA:38,27
DA:39,27
DA:46,9
DA:47,9
DA:48,3
DA:51,6
DA:54,6
DA:55,1
DA:58,5
DA:63,5
DA:65,5
DA:68,5
DA:75,5
DA:76,5
DA:77,5
DA:79,5
DA:80,5
DA:81,5
DA:82,5
DA:83,5
DA:84,5
DA:85,5
DA:86,5
DA:87,5
DA:88,5
DA:89,10
DA:91,5
DA:93,4
DA:94,8
DA:95,8
DA:96,8
DA:97,8
DA:98,8
DA:99,8
DA:100,8
DA:103,4
DA:104,4
DA:105,4
DA:107,1
DA:108,1
DA:109,1
DA:111,5
DA:116,8
DA:121,8
DA:128,8
DA:129,3
DA:132,5
DA:133,5
DA:135,5
DA:139,5
DA:140,2
DA:153,5
DA:160,5
DA:182,7
DA:183,7
DA:184,1
DA:187,6
DA:188,14
DA:189,14
DA:192,6
DA:194,6
DA:198,14
DA:199,14
DA:202,9
DA:214,6
DA:215,6
DA:216,3
DA:219,3
DA:221,3
DA:226,3
LF:99
LH:99
BRDA:47,0,0,3
BRDA:54,1,0,1
BRDA:58,2,0,4
BRDA:58,2,1,1
BRDA:63,3,0,1
BRDA:63,4,0,1
BRDA:63,5,0,4
BRDA:63,5,1,1
BRDA:63,6,0,5
BRDA:63,6,1,4
BRDA:69,7,0,4
BRDA:69,7,1,1
BRDA:69,8,0,5
BRDA:69,8,1,5
BRDA:69,9,0,1
BRDA:69,9,1,4
BRDA:69,10,0,5
BRDA:69,10,1,4
BRDA:88,11,0,4
BRDA:88,11,1,1
BRDA:88,12,0,5
BRDA:88,12,1,5
BRDA:88,13,0,1
BRDA:88,13,1,4
BRDA:88,14,0,5
BRDA:88,14,1,4
BRDA:116,15,0,1
BRDA:116,15,1,7
BRDA:128,16,0,3
BRDA:135,17,0,4
BRDA:135,17,1,1
BRDA:164,18,0,4
BRDA:164,18,1,1
BRDA:183,19,0,1
BRDA:187,20,0,2
BRDA:192,21,0,5
BRDA:192,21,1,1
BRDA:202,22,0,9
BRDA:202,22,1,5
BRDA:202,23,0,14
BRDA:202,23,1,14
BRDA:202,24,0,5
BRDA:202,24,1,9
BRDA:202,25,0,14
BRDA:202,25,1,14
BRDA:204,26,0,1
BRDA:204,26,1,13
BRDA:204,27,0,14
BRDA:204,27,1,14
BRDA:204,28,0,13
BRDA:204,28,1,1
BRDA:204,29,0,14
BRDA:204,29,1,14
BRDA:205,30,0,1
BRDA:205,30,1,13
BRDA:205,31,0,14
BRDA:205,31,1,14
BRDA:205,32,0,13
BRDA:205,32,1,1
BRDA:205,33,0,14
BRDA:205,33,1,14
BRDA:206,34,0,1
BRDA:206,34,1,13
BRDA:206,35,0,14
BRDA:206,35,1,14
BRDA:206,36,0,13
BRDA:206,36,1,1
BRDA:206,37,0,14
BRDA:206,37,1,14
BRDA:215,38,0,3
BRF:70
BRH:70
end_of_record
TN:
SF:src/notice/notice.controller.ts
FN:20,(anonymous_4)
FN:31,(anonymous_5)
FN:54,(anonymous_6)
FN:67,(anonymous_7)
FN:92,(anonymous_8)
FN:118,(anonymous_9)
FNF:6
FNH:6
FNDA:8,(anonymous_4)
FNDA:1,(anonymous_5)
FNDA:2,(anonymous_6)
FNDA:1,(anonymous_7)
FNDA:2,(anonymous_8)
FNDA:2,(anonymous_9)
DA:1,1
DA:2,1
DA:3,1
DA:4,1
DA:5,1
DA:6,1
DA:8,1
DA:9,1
DA:10,1
DA:11,1
DA:12,1
DA:13,1
DA:14,1
DA:15,1
DA:19,1
DA:20,8
DA:31,1
DA:32,1
DA:54,1
DA:55,2
DA:67,1
DA:70,1
DA:92,1
DA:96,2
DA:118,1
DA:119,2
LF:26
LH:26
BRF:0
BRH:0
end_of_record
TN:
SF:src/notice/notice.query.repository.ts
FN:7,(anonymous_4)
FN:12,(anonymous_5)
FN:16,(anonymous_6)
FN:22,(anonymous_7)
FNF:4
FNH:4
FNDA:4,(anonymous_4)
FNDA:1,(anonymous_5)
FNDA:1,(anonymous_6)
FNDA:2,(anonymous_7)
DA:1,3
DA:2,3
DA:4,3
DA:6,3
DA:9,4
DA:13,1
DA:17,1
DA:23,2
DA:28,2
LF:9
LH:9
BRDA:25,0,0,1
BRDA:25,0,1,1
BRF:2
BRH:2
end_of_record
TN:
SF:src/notice/notice.service.ts
FN:18,(anonymous_2)
FN:20,(anonymous_3)
FN:32,(anonymous_4)
FN:43,(anonymous_5)
FN:61,(anonymous_6)
FN:74,(anonymous_7)
FNF:6
FNH:6
FNDA:10,(anonymous_2)
FNDA:1,(anonymous_3)
FNDA:2,(anonymous_4)
FNDA:3,(anonymous_5)
FNDA:2,(anonymous_6)
FNDA:2,(anonymous_7)
DA:1,2
DA:2,2
DA:3,2
DA:6,2
DA:7,2
DA:8,2
DA:9,2
DA:11,2
DA:14,2
DA:17,2
DA:18,10
DA:21,1
DA:22,1
DA:23,1
DA:24,1
DA:25,1
DA:27,1
DA:29,1
DA:33,2
DA:34,2
DA:35,1
DA:38,1
DA:46,3
DA:47,3
DA:48,1
DA:51,2
DA:53,2
DA:62,2
DA:63,2
DA:64,1
DA:67,1
DA:69,1
DA:71,1
DA:75,2
DA:76,2
DA:77,1
DA:80,1
DA:81,1
DA:83,1
LF:39
LH:39
BRDA:34,0,0,1
BRDA:47,1,0,1
BRDA:51,2,0,1
BRDA:51,2,1,1
BRDA:63,3,0,1
BRDA:76,4,0,1
BRF:6
BRH:6
end_of_record
TN:
SF:src/notification/notification.controller.ts
FN:21,(anonymous_4)
FN:32,(anonymous_5)
FN:59,(anonymous_6)
FNF:3
FNH:3
FNDA:14,(anonymous_4)
FNDA:1,(anonymous_5)
FNDA:2,(anonymous_6)
DA:1,4
DA:2,4
DA:3,4
DA:4,4
DA:5,4
DA:6,4
DA:7,4
DA:8,4
DA:10,4
DA:11,4
DA:12,4
DA:13,4
DA:14,4
DA:20,4
DA:21,14
DA:32,4
DA:36,1
DA:59,4
DA:63,2
LF:19
LH:19
BRF:0
BRH:0
end_of_record
TN:
SF:src/notification/notification.query.repository.ts
FN:9,(anonymous_4)
FN:14,(anonymous_5)
FN:18,(anonymous_6)
FN:34,(anonymous_7)
FN:40,(anonymous_8)
FNF:5
FNH:5
FNDA:16,(anonymous_4)
FNDA:1,(anonymous_5)
FNDA:2,(anonymous_6)
FNDA:1,(anonymous_7)
FNDA:1,(anonymous_8)
DA:1,8
DA:2,8
DA:6,8
DA:8,8
DA:11,16
DA:15,1
DA:22,2
DA:27,2
DA:35,1
DA:41,1
LF:10
LH:10
BRDA:24,0,0,1
BRDA:24,0,1,1
BRF:2
BRH:2
end_of_record
TN:
SF:src/notification/notification.service.ts
FN:15,(anonymous_2)
FN:20,(anonymous_3)
FN:30,(anonymous_4)
FN:39,(anonymous_5)
FN:41,(anonymous_6)
FN:47,(anonymous_7)
FNF:6
FNH:6
FNDA:17,(anonymous_2)
FNDA:3,(anonymous_3)
FNDA:4,(anonymous_4)
FNDA:4,(anonymous_5)
FNDA:6,(anonymous_6)
FNDA:3,(anonymous_7)
DA:1,5
DA:2,5
DA:3,5
DA:6,5
DA:8,5
DA:9,5
DA:11,5
DA:14,5
DA:16,17
DA:17,17
DA:24,3
DA:25,3
DA:26,1
DA:29,2
DA:30,4
DA:34,2
DA:36,2
DA:39,4
DA:41,6
DA:48,3
DA:49,3
DA:50,2
DA:53,1
DA:55,1
LF:24
LH:24
BRDA:25,0,0,1
BRDA:34,1,0,1
BRDA:34,1,1,1
BRDA:49,2,0,2
BRDA:49,3,0,3
BRDA:49,3,1,2
BRF:6
BRH:6
end_of_record
TN:
SF:src/place/place.controller.ts
FN:23,(anonymous_4)
FN:34,(anonymous_5)
FN:60,(anonymous_6)
FN:75,(anonymous_7)
FN:90,(anonymous_8)
FN:115,(anonymous_9)
FNF:6
FNH:6
FNDA:16,(anonymous_4)
FNDA:1,(anonymous_5)
FNDA:1,(anonymous_6)
FNDA:1,(anonymous_7)
FNDA:1,(anonymous_8)
FNDA:1,(anonymous_9)
DA:1,4
DA:2,4
DA:3,4
DA:4,4
DA:5,4
DA:6,4
DA:7,4
DA:10,4
DA:11,4
DA:12,4
DA:13,4
DA:14,4
DA:15,4
DA:16,4
DA:17,4
DA:18,4
DA:22,4
DA:23,16
DA:34,4
DA:37,1
DA:60,4
DA:63,1
DA:75,4
DA:78,1
DA:90,4
DA:93,1
DA:115,4
DA:116,1
LF:28
LH:28
BRF:0
BRH:0
end_of_record
TN:
SF:src/place/place.query.repository.ts
FN:15,(anonymous_4)
FN:20,(anonymous_5)
FN:33,(anonymous_6)
FN:39,(anonymous_7)
FN:68,(anonymous_8)
FN:97,(anonymous_9)
FN:103,(anonymous_10)
FN:109,(anonymous_11)
FN:122,(anonymous_12)
FN:136,(anonymous_13)
FN:155,(anonymous_14)
FN:166,(anonymous_15)
FN:186,(anonymous_16)
FN:194,(anonymous_17)
FN:205,(anonymous_18)
FNF:15
FNH:15
FNDA:29,(anonymous_4)
FNDA:1,(anonymous_5)
FNDA:1,(anonymous_6)
FNDA:3,(anonymous_7)
FNDA:3,(anonymous_8)
FNDA:1,(anonymous_9)
FNDA:1,(anonymous_10)
FNDA:2,(anonymous_11)
FNDA:1,(anonymous_12)
FNDA:1,(anonymous_13)
FNDA:1,(anonymous_14)
FNDA:1,(anonymous_15)
FNDA:1,(anonymous_16)
FNDA:1,(anonymous_17)
FNDA:1,(anonymous_18)
DA:1,12
DA:2,12
DA:3,12
DA:7,12
DA:12,12
DA:14,12
DA:17,29
DA:21,1
DA:23,1
DA:28,1
DA:29,1
DA:30,1
DA:34,1
DA:40,3
DA:46,3
DA:47,1
DA:51,3
DA:52,1
DA:54,2
DA:56,3
DA:58,3
DA:59,3
DA:60,3
DA:61,3
DA:65,3
DA:69,3
DA:75,3
DA:76,1
DA:80,3
DA:81,2
DA:83,1
DA:85,3
DA:87,3
DA:88,3
DA:89,3
DA:90,3
DA:94,3
DA:98,1
DA:104,1
DA:110,2
DA:111,2
DA:117,2
DA:119,2
DA:126,1
DA:140,1
DA:147,1
DA:148,1
DA:152,1
DA:156,1
DA:170,1
DA:177,1
DA:178,1
DA:183,1
DA:187,1
DA:189,1
DA:195,1
DA:206,1
LF:57
LH:57
BRDA:46,0,0,1
BRDA:51,1,0,1
BRDA:51,1,1,2
BRDA:60,2,0,1
BRDA:60,2,1,2
BRDA:61,3,0,1
BRDA:61,3,1,2
BRDA:75,4,0,1
BRDA:80,5,0,2
BRDA:80,5,1,1
BRDA:89,6,0,1
BRDA:89,6,1,2
BRDA:90,7,0,1
BRDA:90,7,1,2
BRDA:113,8,0,1
BRDA:113,8,1,1
BRDA:114,9,0,1
BRDA:114,9,1,1
BRDA:117,10,0,1
BRDA:117,10,1,1
BRDA:147,11,0,1
BRDA:177,12,0,1
BRDA:177,13,0,1
BRDA:177,13,1,1
BRDA:177,13,2,1
BRF:25
BRH:25
end_of_record
TN:
SF:src/place/place.service.ts
FN:20,(anonymous_2)
FN:22,(anonymous_3)
FN:37,(anonymous_4)
FN:48,(anonymous_5)
FN:67,(anonymous_6)
FN:86,(anonymous_7)
FNF:6
FNH:6
FNDA:21,(anonymous_2)
FNDA:2,(anonymous_3)
FNDA:2,(anonymous_4)
FNDA:2,(anonymous_5)
FNDA:2,(anonymous_6)
FNDA:2,(anonymous_7)
DA:1,5
DA:2,5
DA:3,5
DA:6,5
DA:8,5
DA:10,5
DA:11,5
DA:13,5
DA:15,5
DA:16,5
DA:19,5
DA:20,21
DA:25,2
DA:26,2
DA:27,1
DA:30,1
DA:38,2
DA:39,2
DA:40,1
DA:43,1
DA:51,2
DA:52,2
DA:53,1
DA:56,1
DA:58,1
DA:70,2
DA:71,2
DA:72,1
DA:75,1
DA:77,1
DA:87,2
DA:88,2
DA:89,1
DA:92,1
LF:34
LH:34
BRDA:26,0,0,1
BRDA:26,1,0,2
BRDA:26,1,1,2
BRDA:39,2,0,1
BRDA:52,3,0,1
BRDA:71,4,0,1
BRDA:88,5,0,1
BRF:7
BRH:7
end_of_record
TN:
SF:src/reaction/reaction.controller.ts
FN:25,(anonymous_4)
FN:53,(anonymous_5)
FN:88,(anonymous_6)
FNF:3
FNH:3
FNDA:13,(anonymous_4)
FNDA:1,(anonymous_5)
FNDA:1,(anonymous_6)
DA:1,4
DA:11,4
DA:12,4
DA:13,4
DA:14,4
DA:15,4
DA:16,4
DA:17,4
DA:18,4
DA:19,4
DA:20,4
DA:24,4
DA:25,13
DA:53,4
DA:58,1
DA:59,1
DA:60,1
DA:88,4
DA:92,1
LF:19
LH:19
BRF:0
BRH:0
end_of_record
TN:
SF:src/reaction/reaction.query.repository.ts
FN:7,(anonymous_4)
FN:12,(anonymous_5)
FN:18,(anonymous_6)
FN:22,(anonymous_7)
FN:26,(anonymous_8)
FN:30,(anonymous_9)
FN:34,(anonymous_10)
FNF:7
FNH:7
FNDA:17,(anonymous_4)
FNDA:1,(anonymous_5)
FNDA:1,(anonymous_6)
FNDA:1,(anonymous_7)
FNDA:1,(anonymous_8)
FNDA:1,(anonymous_9)
FNDA:1,(anonymous_10)
DA:1,8
DA:2,8
DA:4,8
DA:6,8
DA:9,17
DA:13,1
DA:19,1
DA:23,1
DA:27,1
DA:31,1
DA:35,1
LF:11
LH:11
BRF:0
BRH:0
end_of_record
TN:
SF:src/reaction/reaction.service.ts
FN:16,(anonymous_2)
FN:21,(anonymous_3)
FN:62,(anonymous_4)
FNF:3
FNH:3
FNDA:18,(anonymous_2)
FNDA:4,(anonymous_3)
FNDA:3,(anonymous_4)
DA:1,5
DA:2,5
DA:4,5
DA:5,5
DA:6,5
DA:8,5
DA:11,5
DA:15,5
DA:17,18
DA:18,18
DA:25,4
DA:26,4
DA:27,1
DA:29,3
DA:31,3
DA:32,2
DA:33,1
DA:36,1
DA:37,1
DA:38,1
DA:42,1
DA:43,1
DA:44,1
DA:45,1
DA:46,1
DA:47,1
DA:48,1
DA:50,1
DA:59,1
DA:63,3
DA:65,3
DA:66,3
DA:67,1
DA:70,2
DA:71,1
DA:74,1
DA:76,1
LF:37
LH:37
BRDA:26,0,0,1
BRDA:31,1,0,2
BRDA:32,2,0,1
BRDA:36,3,0,1
BRDA:66,4,0,1
BRDA:66,5,0,3
BRDA:66,5,1,2
BRDA:70,6,0,1
BRF:8
BRH:8
end_of_record
TN:
SF:src/search/search.controller.ts
FN:23,(anonymous_4)
FN:36,(anonymous_5)
FN:48,(anonymous_6)
FN:59,(anonymous_7)
FN:80,(anonymous_8)
FN:102,(anonymous_9)
FN:126,(anonymous_10)
FNF:7
FNH:7
FNDA:6,(anonymous_4)
FNDA:1,(anonymous_5)
FNDA:1,(anonymous_6)
FNDA:1,(anonymous_7)
FNDA:1,(anonymous_8)
FNDA:1,(anonymous_9)
FNDA:1,(anonymous_10)
DA:1,1
DA:2,1
DA:3,1
DA:4,1
DA:5,1
DA:6,1
DA:7,1
DA:8,1
DA:11,1
DA:12,1
DA:13,1
DA:15,1
DA:16,1
DA:17,1
DA:18,1
DA:22,1
DA:23,6
DA:36,1
DA:40,1
DA:48,1
DA:49,1
DA:59,1
DA:62,1
DA:80,1
DA:84,1
DA:102,1
DA:103,1
DA:126,1
DA:127,1
LF:29
LH:29
BRF:0
BRH:0
end_of_record
TN:
SF:src/search/search.query.repository.ts
FN:7,(anonymous_4)
FN:12,(anonymous_5)
FN:22,(anonymous_6)
FN:30,(anonymous_7)
FN:34,(anonymous_8)
FN:45,(anonymous_9)
FN:55,(anonymous_10)
FN:59,(anonymous_11)
FN:68,(anonymous_12)
FN:69,(anonymous_13)
FNF:10
FNH:10
FNDA:8,(anonymous_4)
FNDA:1,(anonymous_5)
FNDA:1,(anonymous_6)
FNDA:1,(anonymous_7)
FNDA:1,(anonymous_8)
FNDA:1,(anonymous_9)
FNDA:1,(anonymous_10)
FNDA:1,(anonymous_11)
FNDA:1,(anonymous_12)
FNDA:2,(anonymous_13)
DA:1,3
DA:2,3
DA:4,3
DA:6,3
DA:9,8
DA:13,1
DA:23,1
DA:31,1
DA:35,1
DA:46,1
DA:56,1
DA:60,1
DA:69,2
DA:71,1
LF:14
LH:14
BRF:0
BRH:0
end_of_record
TN:
SF:src/search/search.service.ts
FN:22,(anonymous_2)
FN:27,(anonymous_3)
FN:35,(anonymous_4)
FN:58,(anonymous_5)
FN:63,(anonymous_6)
FN:76,(anonymous_7)
FN:87,(anonymous_8)
FN:99,(anonymous_9)
FNF:8
FNH:8
FNDA:13,(anonymous_2)
FNDA:4,(anonymous_3)
FNDA:1,(anonymous_4)
FNDA:1,(anonymous_5)
FNDA:2,(anonymous_6)
FNDA:2,(anonymous_7)
FNDA:2,(anonymous_8)
FNDA:2,(anonymous_9)
DA:1,2
DA:2,2
DA:3,2
DA:7,2
DA:8,2
DA:11,2
DA:12,2
DA:13,2
DA:15,2
DA:17,2
DA:21,2
DA:23,13
DA:24,13
DA:31,4
DA:35,4
DA:37,4
DA:38,3
DA:39,3
DA:41,1
DA:44,4
DA:45,4
DA:46,2
DA:49,2
DA:53,2
DA:55,2
DA:59,1
DA:60,1
DA:64,2
DA:65,2
DA:66,1
DA:69,1
DA:77,2
DA:78,2
DA:79,1
DA:82,1
DA:84,1
DA:89,2
DA:90,2
DA:91,1
DA:94,1
DA:96,1
DA:100,2
DA:101,2
DA:102,1
DA:105,1
DA:113,1
LF:46
LH:46
BRDA:37,0,0,3
BRDA:37,0,1,1
BRDA:45,1,0,2
BRDA:53,2,0,1
BRDA:53,2,1,1
BRDA:65,3,0,1
BRDA:78,4,0,1
BRDA:90,5,0,1
BRDA:101,6,0,1
BRF:9
BRH:9
end_of_record
TN:
SF:src/subway/subway.controller.ts
FN:15,(anonymous_4)
FN:26,(anonymous_5)
FN:44,(anonymous_6)
FN:65,(anonymous_7)
FNF:4
FNH:4
FNDA:16,(anonymous_4)
FNDA:1,(anonymous_5)
FNDA:2,(anonymous_6)
FNDA:2,(anonymous_7)
DA:1,4
DA:2,4
DA:3,4
DA:4,4
DA:5,4
DA:6,4
DA:7,4
DA:8,4
DA:9,4
DA:10,4
DA:14,4
DA:15,16
DA:26,4
DA:27,1
DA:44,4
DA:47,2
DA:65,4
DA:70,2
LF:18
LH:18
BRF:0
BRH:0
end_of_record
TN:
SF:src/subway/subway.query.repository.ts
FN:9,(anonymous_4)
FN:18,(anonymous_5)
FN:31,(anonymous_6)
FN:51,(anonymous_7)
FN:58,(anonymous_8)
FN:64,(anonymous_9)
FN:70,(anonymous_10)
FN:84,(anonymous_11)
FN:90,(anonymous_12)
FN:96,(anonymous_13)
FNF:10
FNH:10
FNDA:20,(anonymous_4)
FNDA:1,(anonymous_5)
FNDA:1,(anonymous_6)
FNDA:1,(anonymous_7)
FNDA:1,(anonymous_8)
FNDA:1,(anonymous_9)
FNDA:1,(anonymous_10)
FNDA:1,(anonymous_11)
FNDA:1,(anonymous_12)
FNDA:1,(anonymous_13)
DA:1,9
DA:2,9
DA:3,9
DA:4,9
DA:6,9
DA:8,9
DA:11,20
DA:13,20
DA:15,20
DA:19,1
DA:32,1
DA:34,1
DA:52,1
DA:59,1
DA:65,1
DA:77,1
DA:81,1
DA:85,1
DA:91,1
DA:97,1
LF:20
LH:20
BRF:0
BRH:0
end_of_record
TN:
SF:src/subway/subway.service.ts
FN:18,(anonymous_2)
FN:23,(anonymous_3)
FN:41,(anonymous_4)
FN:43,(anonymous_5)
FN:63,(anonymous_6)
FN:72,(anonymous_7)
FN:78,(anonymous_8)
FN:83,(anonymous_9)
FNF:8
FNH:8
FNDA:15,(anonymous_2)
FNDA:1,(anonymous_3)
FNDA:2,(anonymous_4)
FNDA:4,(anonymous_5)
FNDA:2,(anonymous_6)
FNDA:2,(anonymous_7)
FNDA:1,(anonymous_8)
FNDA:2,(anonymous_9)
DA:1,5
DA:2,5
DA:3,5
DA:4,5
DA:5,5
DA:6,5
DA:8,5
DA:9,5
DA:10,5
DA:11,5
DA:13,5
DA:14,5
DA:17,5
DA:19,15
DA:20,15
DA:29,1
DA:34,1
DA:41,1
DA:42,2
DA:43,4
DA:45,2
DA:49,1
DA:60,1
DA:64,2
DA:65,2
DA:66,1
DA:69,1
DA:72,2
DA:79,1
DA:81,1
DA:83,2
LF:31
LH:31
BRDA:65,0,0,1
BRF:1
BRH:1
end_of_record
TN:
SF:src/theme/theme.controller.ts
FN:10,(anonymous_2)
FN:21,(anonymous_3)
FNF:2
FNH:2
FNDA:12,(anonymous_2)
FNDA:1,(anonymous_3)
DA:1,4
DA:2,4
DA:3,4
DA:4,4
DA:5,4
DA:9,4
DA:10,12
DA:21,4
DA:22,1
LF:9
LH:9
BRF:0
BRH:0
end_of_record
TN:
SF:src/theme/theme.query.repository.ts
FN:6,(anonymous_4)
FN:11,(anonymous_5)
FN:15,(anonymous_6)
FN:21,(anonymous_7)
FNF:4
FNH:4
FNDA:14,(anonymous_4)
FNDA:1,(anonymous_5)
FNDA:1,(anonymous_6)
FNDA:1,(anonymous_7)
DA:1,9
DA:2,9
DA:3,9
DA:5,9
DA:8,14
DA:12,1
DA:16,1
DA:22,1
LF:8
LH:8
BRF:0
BRH:0
end_of_record
TN:
SF:src/theme/theme.service.ts
FN:9,(anonymous_2)
FN:11,(anonymous_3)
FNF:2
FNH:2
FNDA:13,(anonymous_2)
FNDA:2,(anonymous_3)
DA:1,5
DA:2,5
DA:4,5
DA:5,5
DA:8,5
DA:9,13
DA:12,2
DA:14,2
DA:18,2
LF:9
LH:9
BRF:0
BRH:0
end_of_record
TN:
SF:src/user/user.controller.ts
FN:19,(anonymous_4)
FN:32,(anonymous_5)
FN:54,(anonymous_6)
FN:73,(anonymous_7)
FNF:4
FNH:4
FNDA:15,(anonymous_4)
FNDA:1,(anonymous_5)
FNDA:1,(anonymous_6)
FNDA:3,(anonymous_7)
DA:1,4
DA:2,4
DA:3,4
DA:4,4
DA:5,4
DA:6,4
DA:7,4
DA:8,4
DA:9,4
DA:10,4
DA:11,4
DA:12,4
DA:13,4
DA:14,4
DA:18,4
DA:19,15
DA:32,4
DA:36,1
DA:54,4
DA:55,1
DA:73,4
DA:74,3
LF:22
LH:22
BRF:0
BRH:0
end_of_record
TN:
SF:src/user/user.query.repository.ts
FN:9,(anonymous_4)
FN:14,(anonymous_5)
FN:20,(anonymous_6)
FN:35,(anonymous_7)
FN:39,(anonymous_8)
FN:45,(anonymous_9)
FN:51,(anonymous_10)
FN:60,(anonymous_11)
FNF:8
FNH:8
FNDA:20,(anonymous_4)
FNDA:1,(anonymous_5)
FNDA:2,(anonymous_6)
FNDA:1,(anonymous_7)
FNDA:1,(anonymous_8)
FNDA:1,(anonymous_9)
FNDA:2,(anonymous_10)
FNDA:2,(anonymous_11)
DA:1,18
DA:3,18
DA:6,18
DA:8,18
DA:11,20
DA:15,1
DA:21,2
DA:26,2
DA:36,1
DA:40,1
DA:46,1
DA:52,2
DA:54,2
DA:55,2
DA:57,2
DA:61,2
LF:16
LH:16
BRDA:23,0,0,1
BRDA:23,0,1,1
BRDA:54,1,0,2
BRDA:55,2,0,1
BRF:4
BRH:4
end_of_record
TN:
SF:src/user/user.service.ts
FN:16,(anonymous_2)
FN:21,(anonymous_3)
FN:40,(anonymous_4)
FN:50,(anonymous_5)
FNF:4
FNH:4
FNDA:16,(anonymous_2)
FNDA:1,(anonymous_3)
FNDA:2,(anonymous_4)
FNDA:3,(anonymous_5)
DA:1,5
DA:2,5
DA:3,5
DA:4,5
DA:6,5
DA:7,5
DA:8,5
DA:9,5
DA:12,5
DA:15,5
DA:17,16
DA:18,16
DA:22,1
DA:23,1
DA:30,1
DA:44,2
DA:45,1
DA:47,2
DA:51,3
DA:52,3
DA:53,2
DA:56,1
LF:22
LH:22
BRDA:44,0,0,1
BRDA:44,1,0,2
BRDA:44,1,1,1
BRDA:52,2,0,2
BRF:4
BRH:4
end_of_record
